# JRE version: Java(TM) SE Runtime Environment 18.9 (11.0.12+8) (build 11.0.12+8-LTS-237)
# Java VM: Java HotSpot(TM) 64-Bit Server VM 18.9 (11.0.12+8-LTS-237, mixed mode, tiered, compressed oops, g1 gc, windows-amd64)
Heap:
 garbage-first heap   total 129024K, used 100513K [0x0000000080000000, 0x0000000100000000)
  region size 1024K, 35 young (35840K), 6 survivors (6144K)
 Metaspace       used 51707K, capacity 53222K, committed 53476K, reserved 1095680K
  class space    used 6602K, capacity 7157K, committed 7168K, reserved 1048576K
GC Heap History (10 events):
Event: 4.746 GC heap before
{Heap before GC invocations=8 (full 0):
 garbage-first heap   total 129024K, used 92943K [0x0000000080000000, 0x0000000100000000)
  region size 1024K, 58 young (59392K), 5 survivors (5120K)
 Metaspace       used 40577K, capacity 41577K, committed 41700K, reserved 1085440K
  class space    used 5201K, capacity 5574K, committed 5632K, reserved 1048576K
}
Event: 4.752 GC heap after
{Heap after GC invocations=9 (full 0):
 garbage-first heap   total 129024K, used 40832K [0x0000000080000000, 0x0000000100000000)
  region size 1024K, 7 young (7168K), 7 survivors (7168K)
 Metaspace       used 40577K, capacity 41577K, committed 41700K, reserved 1085440K
  class space    used 5201K, capacity 5574K, committed 5632K, reserved 1048576K
}
Event: 5.317 GC heap before
{Heap before GC invocations=10 (full 0):
 garbage-first heap   total 129024K, used 102272K [0x0000000080000000, 0x0000000100000000)
  region size 1024K, 58 young (59392K), 7 survivors (7168K)
 Metaspace       used 44515K, capacity 45661K, committed 45668K, reserved 1089536K
  class space    used 5602K, capacity 6011K, committed 6016K, reserved 1048576K
}
Event: 5.324 GC heap after
{Heap after GC invocations=11 (full 0):
 garbage-first heap   total 129024K, used 52842K [0x0000000080000000, 0x0000000100000000)
  region size 1024K, 6 young (6144K), 6 survivors (6144K)
 Metaspace       used 44515K, capacity 45661K, committed 45668K, reserved 1089536K
  class space    used 5602K, capacity 6011K, committed 6016K, reserved 1048576K
}
Event: 5.690 GC heap before
{Heap before GC invocations=11 (full 0):
 garbage-first heap   total 129024K, used 96874K [0x0000000080000000, 0x0000000100000000)
  region size 1024K, 49 young (50176K), 6 survivors (6144K)
 Metaspace       used 47121K, capacity 48419K, committed 48484K, reserved 1091584K
  class space    used 6031K, capacity 6483K, committed 6528K, reserved 1048576K
}
Event: 5.695 GC heap after
{Heap after GC invocations=12 (full 0):
 garbage-first heap   total 129024K, used 56054K [0x0000000080000000, 0x0000000100000000)
  region size 1024K, 3 young (3072K), 3 survivors (3072K)
 Metaspace       used 47121K, capacity 48419K, committed 48484K, reserved 1091584K
  class space    used 6031K, capacity 6483K, committed 6528K, reserved 1048576K
}
Event: 6.086 GC heap before
{Heap before GC invocations=12 (full 0):
 garbage-first heap   total 129024K, used 100086K [0x0000000080000000, 0x0000000100000000)
  region size 1024K, 46 young (47104K), 3 survivors (3072K)
 Metaspace       used 49152K, capacity 50539K, committed 50788K, reserved 1093632K
  class space    used 6287K, capacity 6760K, committed 6784K, reserved 1048576K
}
Event: 6.090 GC heap after
{Heap after GC invocations=13 (full 0):
 garbage-first heap   total 129024K, used 58487K [0x0000000080000000, 0x0000000100000000)
  region size 1024K, 6 young (6144K), 6 survivors (6144K)
 Metaspace       used 49152K, capacity 50539K, committed 50788K, reserved 1093632K
  class space    used 6287K, capacity 6760K, committed 6784K, reserved 1048576K
}
Event: 6.433 GC heap before
{Heap before GC invocations=13 (full 0):
 garbage-first heap   total 129024K, used 95351K [0x0000000080000000, 0x0000000100000000)
  region size 1024K, 39 young (39936K), 6 survivors (6144K)
 Metaspace       used 49654K, capacity 51080K, committed 51428K, reserved 1093632K
  class space    used 6335K, capacity 6808K, committed 6912K, reserved 1048576K
}
Event: 6.440 GC heap after
{Heap after GC invocations=14 (full 0):
 garbage-first heap   total 129024K, used 70817K [0x0000000080000000, 0x0000000100000000)
  region size 1024K, 6 young (6144K), 6 survivors (6144K)
 Metaspace       used 49654K, capacity 51080K, committed 51428K, reserved 1093632K
  class space    used 6335K, capacity 6808K, committed 6912K, reserved 1048576K
}

