# JRE version: Java(TM) SE Runtime Environment 18.9 (11.0.12+8) (build 11.0.12+8-LTS-237)
# Java VM: Java HotSpot(TM) 64-Bit Server VM 18.9 (11.0.12+8-LTS-237, mixed mode, tiered, compressed oops, g1 gc, windows-amd64)
Heap:
 garbage-first heap   total 155648K, used 81548K [0x0000000080000000, 0x0000000100000000)
  region size 1024K, 16 young (16384K), 8 survivors (8192K)
 Metaspace       used 49764K, capacity 51291K, committed 51528K, reserved 1093632K
  class space    used 6346K, capacity 6878K, committed 6912K, reserved 1048576K
GC Heap History (10 events):
Event: 4.151 GC heap before
{Heap before GC invocations=6 (full 0):
 garbage-first heap   total 129024K, used 47956K [0x0000000080000000, 0x0000000100000000)
  region size 1024K, 22 young (22528K), 8 survivors (8192K)
 Metaspace       used 34648K, capacity 35498K, committed 35632K, reserved 1079296K
  class space    used 4515K, capacity 4872K, committed 4992K, reserved 1048576K
}
Event: 4.157 GC heap after
{Heap after GC invocations=7 (full 0):
 garbage-first heap   total 129024K, used 37425K [0x0000000080000000, 0x0000000100000000)
  region size 1024K, 3 young (3072K), 3 survivors (3072K)
 Metaspace       used 34648K, capacity 35498K, committed 35632K, reserved 1079296K
  class space    used 4515K, capacity 4872K, committed 4992K, reserved 1048576K
}
Event: 4.638 GC heap before
{Heap before GC invocations=8 (full 0):
 garbage-first heap   total 129024K, used 87601K [0x0000000080000000, 0x0000000100000000)
  region size 1024K, 49 young (50176K), 3 survivors (3072K)
 Metaspace       used 39982K, capacity 41046K, committed 41160K, reserved 1085440K
  class space    used 5098K, capacity 5502K, committed 5504K, reserved 1048576K
}
Event: 4.645 GC heap after
{Heap after GC invocations=9 (full 0):
 garbage-first heap   total 129024K, used 41435K [0x0000000080000000, 0x0000000100000000)
  region size 1024K, 7 young (7168K), 7 survivors (7168K)
 Metaspace       used 39982K, capacity 41046K, committed 41160K, reserved 1085440K
  class space    used 5098K, capacity 5502K, committed 5504K, reserved 1048576K
}
Event: 5.159 GC heap before
{Heap before GC invocations=10 (full 0):
 garbage-first heap   total 129024K, used 96731K [0x0000000080000000, 0x0000000100000000)
  region size 1024K, 53 young (54272K), 7 survivors (7168K)
 Metaspace       used 42915K, capacity 44015K, committed 44232K, reserved 1087488K
  class space    used 5513K, capacity 5909K, committed 6016K, reserved 1048576K
}
Event: 5.165 GC heap after
{Heap after GC invocations=11 (full 0):
 garbage-first heap   total 129024K, used 53723K [0x0000000080000000, 0x0000000100000000)
  region size 1024K, 6 young (6144K), 6 survivors (6144K)
 Metaspace       used 42915K, capacity 44015K, committed 44232K, reserved 1087488K
  class space    used 5513K, capacity 5909K, committed 6016K, reserved 1048576K
}
Event: 5.545 GC heap before
{Heap before GC invocations=11 (full 0):
 garbage-first heap   total 129024K, used 94683K [0x0000000080000000, 0x0000000100000000)
  region size 1024K, 46 young (47104K), 6 survivors (6144K)
 Metaspace       used 46455K, capacity 47729K, committed 47944K, reserved 1091584K
  class space    used 5904K, capacity 6360K, committed 6400K, reserved 1048576K
}
Event: 5.552 GC heap after
{Heap after GC invocations=12 (full 0):
 garbage-first heap   total 129024K, used 56719K [0x0000000080000000, 0x0000000100000000)
  region size 1024K, 3 young (3072K), 3 survivors (3072K)
 Metaspace       used 46455K, capacity 47729K, committed 47944K, reserved 1091584K
  class space    used 5904K, capacity 6360K, committed 6400K, reserved 1048576K
}
Event: 5.801 GC heap before
{Heap before GC invocations=12 (full 0):
 garbage-first heap   total 129024K, used 97679K [0x0000000080000000, 0x0000000100000000)
  region size 1024K, 43 young (44032K), 3 survivors (3072K)
 Metaspace       used 48071K, capacity 49423K, committed 49480K, reserved 1091584K
  class space    used 6178K, capacity 6627K, committed 6656K, reserved 1048576K
}
Event: 5.806 GC heap after
{Heap after GC invocations=13 (full 0):
 garbage-first heap   total 155648K, used 58189K [0x0000000080000000, 0x0000000100000000)
  region size 1024K, 5 young (5120K), 5 survivors (5120K)
 Metaspace       used 48071K, capacity 49423K, committed 49480K, reserved 1091584K
  class space    used 6178K, capacity 6627K, committed 6656K, reserved 1048576K
}

