# JRE version: Java(TM) SE Runtime Environment 18.9 (11.0.12+8) (build 11.0.12+8-LTS-237)
# Java VM: Java HotSpot(TM) 64-Bit Server VM 18.9 (11.0.12+8-LTS-237, mixed mode, tiered, compressed oops, g1 gc, windows-amd64)
Heap:
 garbage-first heap   total 129024K, used 95473K [0x0000000080000000, 0x0000000100000000)
  region size 1024K, 31 young (31744K), 6 survivors (6144K)
 Metaspace       used 51126K, capacity 52624K, committed 52964K, reserved 1095680K
  class space    used 6536K, capacity 7081K, committed 7168K, reserved 1048576K
GC Heap History (10 events):
Event: 4.780 GC heap before
{Heap before GC invocations=8 (full 0):
 garbage-first heap   total 129024K, used 88900K [0x0000000080000000, 0x0000000100000000)
  region size 1024K, 52 young (53248K), 2 survivors (2048K)
 Metaspace       used 40383K, capacity 41437K, committed 41700K, reserved 1085440K
  class space    used 5170K, capacity 5568K, committed 5632K, reserved 1048576K
}
Event: 4.784 GC heap after
{Heap after GC invocations=9 (full 0):
 garbage-first heap   total 129024K, used 40041K [0x0000000080000000, 0x0000000100000000)
  region size 1024K, 7 young (7168K), 7 survivors (7168K)
 Metaspace       used 40383K, capacity 41437K, committed 41700K, reserved 1085440K
  class space    used 5170K, capacity 5568K, committed 5632K, reserved 1048576K
}
Event: 5.313 GC heap before
{Heap before GC invocations=10 (full 0):
 garbage-first heap   total 129024K, used 98409K [0x0000000080000000, 0x0000000100000000)
  region size 1024K, 56 young (57344K), 7 survivors (7168K)
 Metaspace       used 43443K, capacity 44564K, committed 44644K, reserved 1087488K
  class space    used 5568K, capacity 6005K, committed 6016K, reserved 1048576K
}
Event: 5.321 GC heap after
{Heap after GC invocations=11 (full 0):
 garbage-first heap   total 129024K, used 52836K [0x0000000080000000, 0x0000000100000000)
  region size 1024K, 6 young (6144K), 6 survivors (6144K)
 Metaspace       used 43443K, capacity 44564K, committed 44644K, reserved 1087488K
  class space    used 5568K, capacity 6005K, committed 6016K, reserved 1048576K
}
Event: 5.693 GC heap before
{Heap before GC invocations=11 (full 0):
 garbage-first heap   total 129024K, used 96868K [0x0000000080000000, 0x0000000100000000)
  region size 1024K, 48 young (49152K), 6 survivors (6144K)
 Metaspace       used 46799K, capacity 48065K, committed 48228K, reserved 1091584K
  class space    used 5962K, capacity 6406K, committed 6528K, reserved 1048576K
}
Event: 5.697 GC heap after
{Heap after GC invocations=12 (full 0):
 garbage-first heap   total 129024K, used 55065K [0x0000000080000000, 0x0000000100000000)
  region size 1024K, 3 young (3072K), 3 survivors (3072K)
 Metaspace       used 46799K, capacity 48065K, committed 48228K, reserved 1091584K
  class space    used 5962K, capacity 6406K, committed 6528K, reserved 1048576K
}
Event: 6.012 GC heap before
{Heap before GC invocations=12 (full 0):
 garbage-first heap   total 129024K, used 98073K [0x0000000080000000, 0x0000000100000000)
  region size 1024K, 45 young (46080K), 3 survivors (3072K)
 Metaspace       used 48831K, capacity 50181K, committed 50276K, reserved 1093632K
  class space    used 6262K, capacity 6705K, committed 6784K, reserved 1048576K
}
Event: 6.016 GC heap after
{Heap after GC invocations=13 (full 0):
 garbage-first heap   total 129024K, used 57026K [0x0000000080000000, 0x0000000100000000)
  region size 1024K, 5 young (5120K), 5 survivors (5120K)
 Metaspace       used 48831K, capacity 50181K, committed 50276K, reserved 1093632K
  class space    used 6262K, capacity 6705K, committed 6784K, reserved 1048576K
}
Event: 6.465 GC heap before
{Heap before GC invocations=13 (full 0):
 garbage-first heap   total 129024K, used 101058K [0x0000000080000000, 0x0000000100000000)
  region size 1024K, 45 young (46080K), 5 survivors (5120K)
 Metaspace       used 49670K, capacity 51084K, committed 51428K, reserved 1093632K
  class space    used 6334K, capacity 6805K, committed 6912K, reserved 1048576K
}
Event: 6.473 GC heap after
{Heap after GC invocations=14 (full 0):
 garbage-first heap   total 129024K, used 69873K [0x0000000080000000, 0x0000000100000000)
  region size 1024K, 6 young (6144K), 6 survivors (6144K)
 Metaspace       used 49670K, capacity 51084K, committed 51428K, reserved 1093632K
  class space    used 6334K, capacity 6805K, committed 6912K, reserved 1048576K
}

