# JRE version: OpenJDK Runtime Environment (11.0.10) (build 11.0.10+0-b96-7249189)
# Java VM: OpenJDK 64-Bit Server VM (11.0.10+0-b96-7249189, mixed mode, tiered, compressed oops, g1 gc, windows-amd64)
Heap:
 garbage-first heap   total 129024K, used 73920K [0x0000000080000000, 0x0000000100000000)
  region size 1024K, 21 young (21504K), 6 survivors (6144K)
 Metaspace       used 51221K, capacity 52668K, committed 52992K, reserved 1095680K
  class space    used 6531K, capacity 7069K, committed 7168K, reserved 1048576K
GC Heap History (20 events):
Event: 6.378 GC heap before
{Heap before GC invocations=2 (full 0):
 garbage-first heap   total 129024K, used 41393K [0x0000000080000000, 0x0000000100000000)
  region size 1024K, 35 young (35840K), 10 survivors (10240K)
 Metaspace       used 20664K, capacity 21082K, committed 21248K, reserved 1067008K
  class space    used 2531K, capacity 2705K, committed 2816K, reserved 1048576K
}
Event: 6.386 GC heap after
{Heap after GC invocations=3 (full 0):
 garbage-first heap   total 129024K, used 16943K [0x0000000080000000, 0x0000000100000000)
  region size 1024K, 1 young (1024K), 1 survivors (1024K)
 Metaspace       used 20664K, capacity 21082K, committed 21248K, reserved 1067008K
  class space    used 2531K, capacity 2705K, committed 2816K, reserved 1048576K
}
Event: 6.867 GC heap before
{Heap before GC invocations=4 (full 0):
 garbage-first heap   total 129024K, used 66095K [0x0000000080000000, 0x0000000100000000)
  region size 1024K, 49 young (50176K), 1 survivors (1024K)
 Metaspace       used 25633K, capacity 26237K, committed 26368K, reserved 1073152K
  class space    used 3344K, capacity 3558K, committed 3584K, reserved 1048576K
}
Event: 6.871 GC heap after
{Heap after GC invocations=5 (full 0):
 garbage-first heap   total 129024K, used 18774K [0x0000000080000000, 0x0000000100000000)
  region size 1024K, 3 young (3072K), 3 survivors (3072K)
 Metaspace       used 25633K, capacity 26237K, committed 26368K, reserved 1073152K
  class space    used 3344K, capacity 3558K, committed 3584K, reserved 1048576K
}
Event: 7.596 GC heap before
{Heap before GC invocations=5 (full 0):
 garbage-first heap   total 129024K, used 81238K [0x0000000080000000, 0x0000000100000000)
  region size 1024K, 55 young (56320K), 3 survivors (3072K)
 Metaspace       used 30216K, capacity 31010K, committed 31360K, reserved 1077248K
  class space    used 4081K, capacity 4381K, committed 4480K, reserved 1048576K
}
Event: 7.602 GC heap after
{Heap after GC invocations=6 (full 0):
 garbage-first heap   total 129024K, used 33419K [0x0000000080000000, 0x0000000100000000)
  region size 1024K, 7 young (7168K), 7 survivors (7168K)
 Metaspace       used 30216K, capacity 31010K, committed 31360K, reserved 1077248K
  class space    used 4081K, capacity 4381K, committed 4480K, reserved 1048576K
}
Event: 8.022 GC heap before
{Heap before GC invocations=6 (full 0):
 garbage-first heap   total 129024K, used 51851K [0x0000000080000000, 0x0000000100000000)
  region size 1024K, 26 young (26624K), 7 survivors (7168K)
 Metaspace       used 34851K, capacity 35702K, committed 35840K, reserved 1081344K
  class space    used 4558K, capacity 4901K, committed 4992K, reserved 1048576K
}
Event: 8.036 GC heap after
{Heap after GC invocations=7 (full 0):
 garbage-first heap   total 129024K, used 36720K [0x0000000080000000, 0x0000000100000000)
  region size 1024K, 3 young (3072K), 3 survivors (3072K)
 Metaspace       used 34851K, capacity 35702K, committed 35840K, reserved 1081344K
  class space    used 4558K, capacity 4901K, committed 4992K, reserved 1048576K
}
Event: 8.565 GC heap before
{Heap before GC invocations=8 (full 0):
 garbage-first heap   total 129024K, used 80752K [0x0000000080000000, 0x0000000100000000)
  region size 1024K, 44 young (45056K), 3 survivors (3072K)
 Metaspace       used 39380K, capacity 40362K, committed 40448K, reserved 1085440K
  class space    used 5029K, capacity 5364K, committed 5376K, reserved 1048576K
}
Event: 8.576 GC heap after
{Heap after GC invocations=9 (full 0):
 garbage-first heap   total 129024K, used 40403K [0x0000000080000000, 0x0000000100000000)
  region size 1024K, 6 young (6144K), 6 survivors (6144K)
 Metaspace       used 39380K, capacity 40362K, committed 40448K, reserved 1085440K
  class space    used 5029K, capacity 5364K, committed 5376K, reserved 1048576K
}
Event: 9.269 GC heap before
{Heap before GC invocations=10 (full 0):
 garbage-first heap   total 129024K, used 88531K [0x0000000080000000, 0x0000000100000000)
  region size 1024K, 48 young (49152K), 6 survivors (6144K)
 Metaspace       used 43701K, capacity 44795K, committed 45056K, reserved 1087488K
  class space    used 5715K, capacity 6121K, committed 6144K, reserved 1048576K
}
Event: 9.276 GC heap after
{Heap after GC invocations=11 (full 0):
 garbage-first heap   total 129024K, used 47576K [0x0000000080000000, 0x0000000100000000)
  region size 1024K, 6 young (6144K), 6 survivors (6144K)
 Metaspace       used 43701K, capacity 44795K, committed 45056K, reserved 1087488K
  class space    used 5715K, capacity 6121K, committed 6144K, reserved 1048576K
}
Event: 9.726 GC heap before
{Heap before GC invocations=11 (full 0):
 garbage-first heap   total 129024K, used 89560K [0x0000000080000000, 0x0000000100000000)
  region size 1024K, 47 young (48128K), 6 survivors (6144K)
 Metaspace       used 45174K, capacity 46276K, committed 46592K, reserved 1089536K
  class space    used 5906K, capacity 6316K, committed 6400K, reserved 1048576K
}
Event: 9.734 GC heap after
{Heap after GC invocations=12 (full 0):
 garbage-first heap   total 129024K, used 50518K [0x0000000080000000, 0x0000000100000000)
  region size 1024K, 6 young (6144K), 6 survivors (6144K)
 Metaspace       used 45174K, capacity 46276K, committed 46592K, reserved 1089536K
  class space    used 5906K, capacity 6316K, committed 6400K, reserved 1048576K
}
Event: 9.982 GC heap before
{Heap before GC invocations=12 (full 0):
 garbage-first heap   total 129024K, used 92502K [0x0000000080000000, 0x0000000100000000)
  region size 1024K, 47 young (48128K), 6 survivors (6144K)
 Metaspace       used 45217K, capacity 46276K, committed 46592K, reserved 1089536K
  class space    used 5906K, capacity 6316K, committed 6400K, reserved 1048576K
}
Event: 9.988 GC heap after
{Heap after GC invocations=13 (full 0):
 garbage-first heap   total 129024K, used 51352K [0x0000000080000000, 0x0000000100000000)
  region size 1024K, 4 young (4096K), 4 survivors (4096K)
 Metaspace       used 45217K, capacity 46276K, committed 46592K, reserved 1089536K
  class space    used 5906K, capacity 6316K, committed 6400K, reserved 1048576K
}
Event: 10.992 GC heap before
{Heap before GC invocations=13 (full 0):
 garbage-first heap   total 129024K, used 98456K [0x0000000080000000, 0x0000000100000000)
  region size 1024K, 47 young (48128K), 4 survivors (4096K)
 Metaspace       used 47468K, capacity 48668K, committed 48896K, reserved 1091584K
  class space    used 6156K, capacity 6615K, committed 6656K, reserved 1048576K
}
Event: 10.999 GC heap after
{Heap after GC invocations=14 (full 0):
 garbage-first heap   total 129024K, used 57104K [0x0000000080000000, 0x0000000100000000)
  region size 1024K, 4 young (4096K), 4 survivors (4096K)
 Metaspace       used 47468K, capacity 48668K, committed 48896K, reserved 1091584K
  class space    used 6156K, capacity 6615K, committed 6656K, reserved 1048576K
}
Event: 11.621 GC heap before
{Heap before GC invocations=14 (full 0):
 garbage-first heap   total 129024K, used 99088K [0x0000000080000000, 0x0000000100000000)
  region size 1024K, 45 young (46080K), 4 survivors (4096K)
 Metaspace       used 50259K, capacity 51677K, committed 51712K, reserved 1093632K
  class space    used 6373K, capacity 6887K, committed 6912K, reserved 1048576K
}
Event: 11.628 GC heap after
{Heap after GC invocations=15 (full 0):
 garbage-first heap   total 129024K, used 59584K [0x0000000080000000, 0x0000000100000000)
  region size 1024K, 6 young (6144K), 6 survivors (6144K)
 Metaspace       used 50259K, capacity 51677K, committed 51712K, reserved 1093632K
  class space    used 6373K, capacity 6887K, committed 6912K, reserved 1048576K
}

