# JRE version: Java(TM) SE Runtime Environment 18.9 (11.0.12+8) (build 11.0.12+8-LTS-237)
# Java VM: Java HotSpot(TM) 64-Bit Server VM 18.9 (11.0.12+8-LTS-237, mixed mode, tiered, compressed oops, g1 gc, windows-amd64)
Heap:
 garbage-first heap   total 155648K, used 84369K [0x0000000080000000, 0x0000000100000000)
  region size 1024K, 3 young (3072K), 3 survivors (3072K)
 Metaspace       used 65182K, capacity 66950K, committed 67072K, reserved 1107968K
  class space    used 8233K, capacity 8864K, committed 8960K, reserved 1048576K
GC Heap History (10 events):
Event: 6.770 GC heap after
{Heap after GC invocations=17 (full 0):
 garbage-first heap   total 129024K, used 77653K [0x0000000080000000, 0x0000000100000000)
  region size 1024K, 5 young (5120K), 5 survivors (5120K)
 Metaspace       used 51911K, capacity 53474K, committed 53504K, reserved 1095680K
  class space    used 6631K, capacity 7154K, committed 7168K, reserved 1048576K
}
Event: 7.033 GC heap before
{Heap before GC invocations=17 (full 0):
 garbage-first heap   total 129024K, used 103253K [0x0000000080000000, 0x0000000100000000)
  region size 1024K, 30 young (30720K), 5 survivors (5120K)
 Metaspace       used 55297K, capacity 56975K, committed 57088K, reserved 1099776K
  class space    used 7080K, capacity 7660K, committed 7680K, reserved 1048576K
}
Event: 7.037 GC heap after
{Heap after GC invocations=18 (full 0):
 garbage-first heap   total 129024K, used 78674K [0x0000000080000000, 0x0000000100000000)
  region size 1024K, 2 young (2048K), 2 survivors (2048K)
 Metaspace       used 55297K, capacity 56975K, committed 57088K, reserved 1099776K
  class space    used 7080K, capacity 7660K, committed 7680K, reserved 1048576K
}
Event: 7.304 GC heap before
{Heap before GC invocations=19 (full 0):
 garbage-first heap   total 129024K, used 104274K [0x0000000080000000, 0x0000000100000000)
  region size 1024K, 27 young (27648K), 2 survivors (2048K)
 Metaspace       used 59094K, capacity 60800K, committed 61056K, reserved 1101824K
  class space    used 7481K, capacity 8057K, committed 8064K, reserved 1048576K
}
Event: 7.307 GC heap after
{Heap after GC invocations=20 (full 0):
 garbage-first heap   total 129024K, used 79329K [0x0000000080000000, 0x0000000100000000)
  region size 1024K, 2 young (2048K), 2 survivors (2048K)
 Metaspace       used 59094K, capacity 60800K, committed 61056K, reserved 1101824K
  class space    used 7481K, capacity 8057K, committed 8064K, reserved 1048576K
}
Event: 7.636 GC heap before
{Heap before GC invocations=20 (full 0):
 garbage-first heap   total 129024K, used 104929K [0x0000000080000000, 0x0000000100000000)
  region size 1024K, 28 young (28672K), 2 survivors (2048K)
 Metaspace       used 62463K, capacity 64131K, committed 64384K, reserved 1105920K
  class space    used 7881K, capacity 8463K, committed 8576K, reserved 1048576K
}
Event: 7.641 GC heap after
{Heap after GC invocations=21 (full 0):
 garbage-first heap   total 129024K, used 82467K [0x0000000080000000, 0x0000000100000000)
  region size 1024K, 4 young (4096K), 4 survivors (4096K)
 Metaspace       used 62463K, capacity 64131K, committed 64384K, reserved 1105920K
  class space    used 7881K, capacity 8463K, committed 8576K, reserved 1048576K
}
Event: 7.909 GC heap before
{Heap before GC invocations=22 (full 0):
 garbage-first heap   total 129024K, used 107043K [0x0000000080000000, 0x0000000100000000)
  region size 1024K, 28 young (28672K), 4 survivors (4096K)
 Metaspace       used 64933K, capacity 66720K, committed 66944K, reserved 1107968K
  class space    used 8203K, capacity 8830K, committed 8832K, reserved 1048576K
}
Event: 7.914 GC heap after
{Heap after GC invocations=23 (full 0):
 garbage-first heap   total 129024K, used 83961K [0x0000000080000000, 0x0000000100000000)
  region size 1024K, 2 young (2048K), 2 survivors (2048K)
 Metaspace       used 64933K, capacity 66720K, committed 66944K, reserved 1107968K
  class space    used 8203K, capacity 8830K, committed 8832K, reserved 1048576K
}
Event: 7.947 GC heap before
{Heap before GC invocations=23 (full 0):
 garbage-first heap   total 129024K, used 86009K [0x0000000080000000, 0x0000000100000000)
  region size 1024K, 5 young (5120K), 2 survivors (2048K)
 Metaspace       used 65182K, capacity 66950K, committed 67072K, reserved 1107968K
  class space    used 8233K, capacity 8864K, committed 8960K, reserved 1048576K
}

