# JRE version: OpenJDK Runtime Environment (11.0.10) (build 11.0.10+0-b96-7249189)
# Java VM: OpenJDK 64-Bit Server VM (11.0.10+0-b96-7249189, mixed mode, tiered, compressed oops, g1 gc, windows-amd64)
Heap:
 garbage-first heap   total 155648K, used 74703K [0x0000000080000000, 0x0000000100000000)
  region size 1024K, 3 young (3072K), 3 survivors (3072K)
 Metaspace       used 56887K, capacity 58667K, committed 58880K, reserved 1099776K
  class space    used 7316K, capacity 7884K, committed 7936K, reserved 1048576K
GC Heap History (20 events):
Event: 8.191 GC heap after
{Heap after GC invocations=9 (full 0):
 garbage-first heap   total 129024K, used 39927K [0x0000000080000000, 0x0000000100000000)
  region size 1024K, 5 young (5120K), 5 survivors (5120K)
 Metaspace       used 38201K, capacity 39227K, committed 39424K, reserved 1083392K
  class space    used 4956K, capacity 5327K, committed 5376K, reserved 1048576K
}
Event: 8.771 GC heap before
{Heap before GC invocations=10 (full 0):
 garbage-first heap   total 129024K, used 87031K [0x0000000080000000, 0x0000000100000000)
  region size 1024K, 43 young (44032K), 5 survivors (5120K)
 Metaspace       used 42047K, capacity 43133K, committed 43264K, reserved 1087488K
  class space    used 5427K, capacity 5841K, committed 5888K, reserved 1048576K
}
Event: 8.778 GC heap after
{Heap after GC invocations=11 (full 0):
 garbage-first heap   total 129024K, used 46460K [0x0000000080000000, 0x0000000100000000)
  region size 1024K, 3 young (3072K), 3 survivors (3072K)
 Metaspace       used 42047K, capacity 43133K, committed 43264K, reserved 1087488K
  class space    used 5427K, capacity 5841K, committed 5888K, reserved 1048576K
}
Event: 9.281 GC heap before
{Heap before GC invocations=11 (full 0):
 garbage-first heap   total 129024K, used 85372K [0x0000000080000000, 0x0000000100000000)
  region size 1024K, 41 young (41984K), 3 survivors (3072K)
 Metaspace       used 45144K, capacity 46218K, committed 46336K, reserved 1089536K
  class space    used 5906K, capacity 6317K, committed 6400K, reserved 1048576K
}
Event: 9.287 GC heap after
{Heap after GC invocations=12 (full 0):
 garbage-first heap   total 129024K, used 49441K [0x0000000080000000, 0x0000000100000000)
  region size 1024K, 6 young (6144K), 6 survivors (6144K)
 Metaspace       used 45144K, capacity 46218K, committed 46336K, reserved 1089536K
  class space    used 5906K, capacity 6317K, committed 6400K, reserved 1048576K
}
Event: 9.546 GC heap before
{Heap before GC invocations=12 (full 0):
 garbage-first heap   total 129024K, used 89377K [0x0000000080000000, 0x0000000100000000)
  region size 1024K, 45 young (46080K), 6 survivors (6144K)
 Metaspace       used 45194K, capacity 46282K, committed 46592K, reserved 1089536K
  class space    used 5906K, capacity 6317K, committed 6400K, reserved 1048576K
}
Event: 9.553 GC heap after
{Heap after GC invocations=13 (full 0):
 garbage-first heap   total 129024K, used 50119K [0x0000000080000000, 0x0000000100000000)
  region size 1024K, 4 young (4096K), 4 survivors (4096K)
 Metaspace       used 45194K, capacity 46282K, committed 46592K, reserved 1089536K
  class space    used 5906K, capacity 6317K, committed 6400K, reserved 1048576K
}
Event: 10.219 GC heap before
{Heap before GC invocations=13 (full 0):
 garbage-first heap   total 129024K, used 96199K [0x0000000080000000, 0x0000000100000000)
  region size 1024K, 46 young (47104K), 4 survivors (4096K)
 Metaspace       used 47497K, capacity 48733K, committed 48896K, reserved 1091584K
  class space    used 6155K, capacity 6615K, committed 6656K, reserved 1048576K
}
Event: 10.226 GC heap after
{Heap after GC invocations=14 (full 0):
 garbage-first heap   total 129024K, used 56060K [0x0000000080000000, 0x0000000100000000)
  region size 1024K, 5 young (5120K), 5 survivors (5120K)
 Metaspace       used 47497K, capacity 48733K, committed 48896K, reserved 1091584K
  class space    used 6155K, capacity 6615K, committed 6656K, reserved 1048576K
}
Event: 10.739 GC heap before
{Heap before GC invocations=14 (full 0):
 garbage-first heap   total 129024K, used 97020K [0x0000000080000000, 0x0000000100000000)
  region size 1024K, 45 young (46080K), 5 survivors (5120K)
 Metaspace       used 48470K, capacity 49893K, committed 50048K, reserved 1093632K
  class space    used 6257K, capacity 6783K, committed 6784K, reserved 1048576K
}
Event: 10.744 GC heap after
{Heap after GC invocations=15 (full 0):
 garbage-first heap   total 129024K, used 57400K [0x0000000080000000, 0x0000000100000000)
  region size 1024K, 5 young (5120K), 5 survivors (5120K)
 Metaspace       used 48470K, capacity 49893K, committed 50048K, reserved 1093632K
  class space    used 6257K, capacity 6783K, committed 6784K, reserved 1048576K
}
Event: 11.369 GC heap before
{Heap before GC invocations=15 (full 0):
 garbage-first heap   total 129024K, used 99384K [0x0000000080000000, 0x0000000100000000)
  region size 1024K, 46 young (47104K), 5 survivors (5120K)
 Metaspace       used 51970K, capacity 53441K, committed 53632K, reserved 1095680K
  class space    used 6642K, capacity 7198K, committed 7296K, reserved 1048576K
}
Event: 11.377 GC heap after
{Heap after GC invocations=16 (full 0):
 garbage-first heap   total 129024K, used 60040K [0x0000000080000000, 0x0000000100000000)
  region size 1024K, 5 young (5120K), 5 survivors (5120K)
 Metaspace       used 51970K, capacity 53441K, committed 53632K, reserved 1095680K
  class space    used 6642K, capacity 7198K, committed 7296K, reserved 1048576K
}
Event: 11.798 GC heap before
{Heap before GC invocations=16 (full 0):
 garbage-first heap   total 129024K, used 101000K [0x0000000080000000, 0x0000000100000000)
  region size 1024K, 45 young (46080K), 5 survivors (5120K)
 Metaspace       used 54238K, capacity 55825K, committed 55936K, reserved 1097728K
  class space    used 7003K, capacity 7545K, committed 7552K, reserved 1048576K
}
Event: 11.804 GC heap after
{Heap after GC invocations=17 (full 0):
 garbage-first heap   total 129024K, used 61624K [0x0000000080000000, 0x0000000100000000)
  region size 1024K, 5 young (5120K), 5 survivors (5120K)
 Metaspace       used 54238K, capacity 55825K, committed 55936K, reserved 1097728K
  class space    used 7003K, capacity 7545K, committed 7552K, reserved 1048576K
}
Event: 12.562 GC heap before
{Heap before GC invocations=17 (full 0):
 garbage-first heap   total 129024K, used 94392K [0x0000000080000000, 0x0000000100000000)
  region size 1024K, 38 young (38912K), 5 survivors (5120K)
 Metaspace       used 55263K, capacity 57004K, committed 57088K, reserved 1099776K
  class space    used 7096K, capacity 7651K, committed 7680K, reserved 1048576K
}
Event: 12.573 GC heap after
{Heap after GC invocations=18 (full 0):
 garbage-first heap   total 129024K, used 66174K [0x0000000080000000, 0x0000000100000000)
  region size 1024K, 5 young (5120K), 5 survivors (5120K)
 Metaspace       used 55263K, capacity 57004K, committed 57088K, reserved 1099776K
  class space    used 7096K, capacity 7651K, committed 7680K, reserved 1048576K
}
Event: 12.730 GC heap before
{Heap before GC invocations=19 (full 0):
 garbage-first heap   total 129024K, used 71294K [0x0000000080000000, 0x0000000100000000)
  region size 1024K, 11 young (11264K), 5 survivors (5120K)
 Metaspace       used 55221K, capacity 56866K, committed 57088K, reserved 1099776K
  class space    used 7082K, capacity 7605K, committed 7680K, reserved 1048576K
}
Event: 12.739 GC heap after
{Heap after GC invocations=20 (full 0):
 garbage-first heap   total 129024K, used 70381K [0x0000000080000000, 0x0000000100000000)
  region size 1024K, 6 young (6144K), 6 survivors (6144K)
 Metaspace       used 55221K, capacity 56866K, committed 57088K, reserved 1099776K
  class space    used 7082K, capacity 7605K, committed 7680K, reserved 1048576K
}
Event: 13.076 GC heap before
{Heap before GC invocations=21 (full 0):
 garbage-first heap   total 129024K, used 98029K [0x0000000080000000, 0x0000000100000000)
  region size 1024K, 31 young (31744K), 6 survivors (6144K)
 Metaspace       used 56887K, capacity 58667K, committed 58880K, reserved 1099776K
  class space    used 7316K, capacity 7884K, committed 7936K, reserved 1048576K
}

