# JRE version: OpenJDK Runtime Environment (11.0.10) (build 11.0.10+0-b96-7249189)
# Java VM: OpenJDK 64-Bit Server VM (11.0.10+0-b96-7249189, mixed mode, tiered, compressed oops, g1 gc, windows-amd64)
Heap:
 garbage-first heap   total 129024K, used 32358K [0x0000000080000000, 0x0000000100000000)
  region size 1024K, 12 young (12288K), 3 survivors (3072K)
 Metaspace       used 26362K, capacity 27061K, committed 27392K, reserved 1073152K
  class space    used 3456K, capacity 3720K, committed 3840K, reserved 1048576K
GC Heap History (8 events):
Event: 1.063 GC heap before
{Heap before GC invocations=0 (full 0):
 garbage-first heap   total 129024K, used 29696K [0x0000000080000000, 0x0000000100000000)
  region size 1024K, 24 young (24576K), 0 survivors (0K)
 Metaspace       used 9825K, capacity 10058K, committed 10112K, reserved 1058816K
  class space    used 1024K, capacity 1102K, committed 1152K, reserved 1048576K
}
Event: 1.070 GC heap after
{Heap after GC invocations=1 (full 0):
 garbage-first heap   total 129024K, used 8957K [0x0000000080000000, 0x0000000100000000)
  region size 1024K, 3 young (3072K), 3 survivors (3072K)
 Metaspace       used 9825K, capacity 10058K, committed 10112K, reserved 1058816K
  class space    used 1024K, capacity 1102K, committed 1152K, reserved 1048576K
}
Event: 5.872 GC heap before
{Heap before GC invocations=1 (full 0):
 garbage-first heap   total 129024K, used 82685K [0x0000000080000000, 0x0000000100000000)
  region size 1024K, 75 young (76800K), 3 survivors (3072K)
 Metaspace       used 17831K, capacity 18297K, committed 18432K, reserved 1064960K
  class space    used 2102K, capacity 2265K, committed 2304K, reserved 1048576K
}
Event: 5.879 GC heap after
{Heap after GC invocations=2 (full 0):
 garbage-first heap   total 129024K, used 16290K [0x0000000080000000, 0x0000000100000000)
  region size 1024K, 10 young (10240K), 10 survivors (10240K)
 Metaspace       used 17831K, capacity 18297K, committed 18432K, reserved 1064960K
  class space    used 2102K, capacity 2265K, committed 2304K, reserved 1048576K
}
Event: 6.162 GC heap before
{Heap before GC invocations=2 (full 0):
 garbage-first heap   total 129024K, used 40866K [0x0000000080000000, 0x0000000100000000)
  region size 1024K, 35 young (35840K), 10 survivors (10240K)
 Metaspace       used 20668K, capacity 21086K, committed 21248K, reserved 1067008K
  class space    used 2530K, capacity 2705K, committed 2816K, reserved 1048576K
}
Event: 6.172 GC heap after
{Heap after GC invocations=3 (full 0):
 garbage-first heap   total 129024K, used 17546K [0x0000000080000000, 0x0000000100000000)
  region size 1024K, 2 young (2048K), 2 survivors (2048K)
 Metaspace       used 20668K, capacity 21086K, committed 21248K, reserved 1067008K
  class space    used 2530K, capacity 2705K, committed 2816K, reserved 1048576K
}
Event: 6.728 GC heap before
{Heap before GC invocations=4 (full 0):
 garbage-first heap   total 129024K, used 65674K [0x0000000080000000, 0x0000000100000000)
  region size 1024K, 49 young (50176K), 2 survivors (2048K)
 Metaspace       used 25546K, capacity 26152K, committed 26368K, reserved 1073152K
  class space    used 3318K, capacity 3549K, committed 3584K, reserved 1048576K
}
Event: 6.731 GC heap after
{Heap after GC invocations=5 (full 0):
 garbage-first heap   total 129024K, used 19046K [0x0000000080000000, 0x0000000100000000)
  region size 1024K, 3 young (3072K), 3 survivors (3072K)
 Metaspace       used 25546K, capacity 26152K, committed 26368K, reserved 1073152K
  class space    used 3318K, capacity 3549K, committed 3584K, reserved 1048576K
}

