# JRE version: Java(TM) SE Runtime Environment 18.9 (11.0.12+8) (build 11.0.12+8-LTS-237)
# Java VM: Java HotSpot(TM) 64-Bit Server VM 18.9 (11.0.12+8-LTS-237, mixed mode, tiered, compressed oops, g1 gc, windows-amd64)
Heap:
 garbage-first heap   total 397312K, used 259615K [0x0000000080000000, 0x0000000100000000)
  region size 1024K, 3 young (3072K), 3 survivors (3072K)
 Metaspace       used 126213K, capacity 130620K, committed 130816K, reserved 1163264K
  class space    used 16162K, capacity 17801K, committed 17920K, reserved 1048576K
GC Heap History (10 events):
Event: 41.856 GC heap after
{Heap after GC invocations=76 (full 0):
 garbage-first heap   total 270336K, used 215629K [0x0000000080000000, 0x0000000100000000)
  region size 1024K, 3 young (3072K), 3 survivors (3072K)
 Metaspace       used 124664K, capacity 128999K, committed 129152K, reserved 1161216K
  class space    used 15842K, capacity 17463K, committed 17536K, reserved 1048576K
}
Event: 41.983 GC heap before
{Heap before GC invocations=76 (full 0):
 garbage-first heap   total 270336K, used 234061K [0x0000000080000000, 0x0000000100000000)
  region size 1024K, 21 young (21504K), 3 survivors (3072K)
 Metaspace       used 124804K, capacity 129133K, committed 129408K, reserved 1161216K
  class space    used 15856K, capacity 17464K, committed 17536K, reserved 1048576K
}
Event: 41.990 GC heap after
{Heap after GC invocations=77 (full 0):
 garbage-first heap   total 324608K, used 218731K [0x0000000080000000, 0x0000000100000000)
  region size 1024K, 3 young (3072K), 3 survivors (3072K)
 Metaspace       used 124804K, capacity 129133K, committed 129408K, reserved 1161216K
  class space    used 15856K, capacity 17464K, committed 17536K, reserved 1048576K
}
Event: 42.144 GC heap before
{Heap before GC invocations=77 (full 0):
 garbage-first heap   total 324608K, used 258667K [0x0000000080000000, 0x0000000100000000)
  region size 1024K, 43 young (44032K), 3 survivors (3072K)
 Metaspace       used 125477K, capacity 129819K, committed 130048K, reserved 1161216K
  class space    used 15953K, capacity 17557K, committed 17664K, reserved 1048576K
}
Event: 42.151 GC heap after
{Heap after GC invocations=78 (full 0):
 garbage-first heap   total 324608K, used 221363K [0x0000000080000000, 0x0000000100000000)
  region size 1024K, 6 young (6144K), 6 survivors (6144K)
 Metaspace       used 125477K, capacity 129819K, committed 130048K, reserved 1161216K
  class space    used 15953K, capacity 17557K, committed 17664K, reserved 1048576K
}
Event: 42.301 GC heap before
{Heap before GC invocations=78 (full 0):
 garbage-first heap   total 324608K, used 271539K [0x0000000080000000, 0x0000000100000000)
  region size 1024K, 47 young (48128K), 6 survivors (6144K)
 Metaspace       used 126198K, capacity 130619K, committed 130816K, reserved 1163264K
  class space    used 16162K, capacity 17801K, committed 17920K, reserved 1048576K
}
Event: 42.309 GC heap after
{Heap after GC invocations=79 (full 0):
 garbage-first heap   total 324608K, used 236969K [0x0000000080000000, 0x0000000100000000)
  region size 1024K, 6 young (6144K), 6 survivors (6144K)
 Metaspace       used 126198K, capacity 130619K, committed 130816K, reserved 1163264K
  class space    used 16162K, capacity 17801K, committed 17920K, reserved 1048576K
}
Event: 42.411 GC heap before
{Heap before GC invocations=79 (full 0):
 garbage-first heap   total 324608K, used 276905K [0x0000000080000000, 0x0000000100000000)
  region size 1024K, 40 young (40960K), 6 survivors (6144K)
 Metaspace       used 126205K, capacity 130619K, committed 130816K, reserved 1163264K
  class space    used 16162K, capacity 17801K, committed 17920K, reserved 1048576K
}
Event: 42.415 GC heap after
{Heap after GC invocations=80 (full 0):
 garbage-first heap   total 324608K, used 247612K [0x0000000080000000, 0x0000000100000000)
  region size 1024K, 5 young (5120K), 5 survivors (5120K)
 Metaspace       used 126205K, capacity 130619K, committed 130816K, reserved 1163264K
  class space    used 16162K, capacity 17801K, committed 17920K, reserved 1048576K
}
Event: 42.495 GC heap before
{Heap before GC invocations=80 (full 0):
 garbage-first heap   total 324608K, used 284476K [0x0000000080000000, 0x0000000100000000)
  region size 1024K, 31 young (31744K), 5 survivors (5120K)
 Metaspace       used 126213K, capacity 130620K, committed 130816K, reserved 1163264K
  class space    used 16162K, capacity 17801K, committed 17920K, reserved 1048576K
}

