# JRE version: Java(TM) SE Runtime Environment 18.9 (11.0.12+8) (build 11.0.12+8-LTS-237)
# Java VM: Java HotSpot(TM) 64-Bit Server VM 18.9 (11.0.12+8-LTS-237, mixed mode, tiered, compressed oops, g1 gc, windows-amd64)
Heap:
 garbage-first heap   total 418816K, used 326599K [0x0000000080000000, 0x0000000100000000)
  region size 1024K, 3 young (3072K), 2 survivors (2048K)
 Metaspace       used 89768K, capacity 92087K, committed 92236K, reserved 1130496K
  class space    used 11263K, capacity 12083K, committed 12160K, reserved 1048576K
GC Heap History (10 events):
Event: 19.046 GC heap before
{Heap before GC invocations=47 (full 0):
 garbage-first heap   total 299008K, used 294277K [0x0000000080000000, 0x0000000100000000)
  region size 1024K, 13 young (13312K), 1 survivors (1024K)
 Metaspace       used 89733K, capacity 92081K, committed 92236K, reserved 1130496K
  class space    used 11262K, capacity 12081K, committed 12160K, reserved 1048576K
}
Event: 19.048 GC heap after
{Heap after GC invocations=48 (full 0):
 garbage-first heap   total 299008K, used 284285K [0x0000000080000000, 0x0000000100000000)
  region size 1024K, 1 young (1024K), 1 survivors (1024K)
 Metaspace       used 89733K, capacity 92081K, committed 92236K, reserved 1130496K
  class space    used 11262K, capacity 12081K, committed 12160K, reserved 1048576K
}
Event: 19.087 GC heap before
{Heap before GC invocations=48 (full 0):
 garbage-first heap   total 299008K, used 296573K [0x0000000080000000, 0x0000000100000000)
  region size 1024K, 15 young (15360K), 1 survivors (1024K)
 Metaspace       used 89745K, capacity 92081K, committed 92236K, reserved 1130496K
  class space    used 11262K, capacity 12081K, committed 12160K, reserved 1048576K
}
Event: 19.088 GC heap after
{Heap after GC invocations=49 (full 0):
 garbage-first heap   total 300032K, used 284202K [0x0000000080000000, 0x0000000100000000)
  region size 1024K, 1 young (1024K), 1 survivors (1024K)
 Metaspace       used 89745K, capacity 92081K, committed 92236K, reserved 1130496K
  class space    used 11262K, capacity 12081K, committed 12160K, reserved 1048576K
}
Event: 19.125 GC heap before
{Heap before GC invocations=49 (full 0):
 garbage-first heap   total 300032K, used 296490K [0x0000000080000000, 0x0000000100000000)
  region size 1024K, 15 young (15360K), 1 survivors (1024K)
 Metaspace       used 89745K, capacity 92081K, committed 92236K, reserved 1130496K
  class space    used 11262K, capacity 12081K, committed 12160K, reserved 1048576K
}
Event: 19.128 GC heap after
{Heap after GC invocations=50 (full 0):
 garbage-first heap   total 301056K, used 285122K [0x0000000080000000, 0x0000000100000000)
  region size 1024K, 2 young (2048K), 2 survivors (2048K)
 Metaspace       used 89745K, capacity 92081K, committed 92236K, reserved 1130496K
  class space    used 11262K, capacity 12081K, committed 12160K, reserved 1048576K
}
Event: 19.204 GC heap before
{Heap before GC invocations=50 (full 0):
 garbage-first heap   total 301056K, used 296386K [0x0000000080000000, 0x0000000100000000)
  region size 1024K, 15 young (15360K), 2 survivors (2048K)
 Metaspace       used 89754K, capacity 92081K, committed 92236K, reserved 1130496K
  class space    used 11262K, capacity 12081K, committed 12160K, reserved 1048576K
}
Event: 19.209 GC heap after
{Heap after GC invocations=51 (full 0):
 garbage-first heap   total 362496K, used 285492K [0x0000000080000000, 0x0000000100000000)
  region size 1024K, 2 young (2048K), 2 survivors (2048K)
 Metaspace       used 89754K, capacity 92081K, committed 92236K, reserved 1130496K
  class space    used 11262K, capacity 12081K, committed 12160K, reserved 1048576K
}
Event: 19.340 GC heap before
{Heap before GC invocations=51 (full 0):
 garbage-first heap   total 362496K, used 305972K [0x0000000080000000, 0x0000000100000000)
  region size 1024K, 24 young (24576K), 2 survivors (2048K)
 Metaspace       used 89756K, capacity 92081K, committed 92236K, reserved 1130496K
  class space    used 11262K, capacity 12081K, committed 12160K, reserved 1048576K
}
Event: 19.344 GC heap after
{Heap after GC invocations=52 (full 0):
 garbage-first heap   total 362496K, used 285341K [0x0000000080000000, 0x0000000100000000)
  region size 1024K, 2 young (2048K), 2 survivors (2048K)
 Metaspace       used 89756K, capacity 92081K, committed 92236K, reserved 1130496K
  class space    used 11262K, capacity 12081K, committed 12160K, reserved 1048576K
}

