# JRE version: Java(TM) SE Runtime Environment 18.9 (11.0.12+8) (build 11.0.12+8-LTS-237)
# Java VM: Java HotSpot(TM) 64-Bit Server VM 18.9 (11.0.12+8-LTS-237, mixed mode, tiered, compressed oops, g1 gc, windows-amd64)
Heap:
 garbage-first heap   total 129024K, used 49120K [0x0000000080000000, 0x0000000100000000)
  region size 1024K, 35 young (35840K), 2 survivors (2048K)
 Metaspace       used 23911K, capacity 24473K, committed 24576K, reserved 1071104K
  class space    used 3038K, capacity 3241K, committed 3328K, reserved 1048576K
GC Heap History (6 events):
Event: 0.648 GC heap before
{Heap before GC invocations=0 (full 0):
 garbage-first heap   total 129024K, used 29696K [0x0000000080000000, 0x0000000100000000)
  region size 1024K, 24 young (24576K), 0 survivors (0K)
 Metaspace       used 9862K, capacity 10126K, committed 10368K, reserved 1058816K
  class space    used 1026K, capacity 1102K, committed 1152K, reserved 1048576K
}
Event: 0.654 GC heap after
{Heap after GC invocations=1 (full 0):
 garbage-first heap   total 129024K, used 9541K [0x0000000080000000, 0x0000000100000000)
  region size 1024K, 3 young (3072K), 3 survivors (3072K)
 Metaspace       used 9862K, capacity 10126K, committed 10368K, reserved 1058816K
  class space    used 1026K, capacity 1102K, committed 1152K, reserved 1048576K
}
Event: 2.578 GC heap before
{Heap before GC invocations=1 (full 0):
 garbage-first heap   total 129024K, used 83269K [0x0000000080000000, 0x0000000100000000)
  region size 1024K, 75 young (76800K), 3 survivors (3072K)
 Metaspace       used 17760K, capacity 18170K, committed 18432K, reserved 1064960K
  class space    used 2080K, capacity 2200K, committed 2304K, reserved 1048576K
}
Event: 2.583 GC heap after
{Heap after GC invocations=2 (full 0):
 garbage-first heap   total 129024K, used 16349K [0x0000000080000000, 0x0000000100000000)
  region size 1024K, 10 young (10240K), 10 survivors (10240K)
 Metaspace       used 17760K, capacity 18170K, committed 18432K, reserved 1064960K
  class space    used 2080K, capacity 2200K, committed 2304K, reserved 1048576K
}
Event: 2.791 GC heap before
{Heap before GC invocations=2 (full 0):
 garbage-first heap   total 129024K, used 42973K [0x0000000080000000, 0x0000000100000000)
  region size 1024K, 37 young (37888K), 10 survivors (10240K)
 Metaspace       used 20667K, capacity 21087K, committed 21248K, reserved 1067008K
  class space    used 2524K, capacity 2704K, committed 2816K, reserved 1048576K
}
Event: 2.797 GC heap after
{Heap after GC invocations=3 (full 0):
 garbage-first heap   total 129024K, used 17376K [0x0000000080000000, 0x0000000100000000)
  region size 1024K, 2 young (2048K), 2 survivors (2048K)
 Metaspace       used 20667K, capacity 21087K, committed 21248K, reserved 1067008K
  class space    used 2524K, capacity 2704K, committed 2816K, reserved 1048576K
}

