# JRE version: Java(TM) SE Runtime Environment 18.9 (11.0.12+8) (build 11.0.12+8-LTS-237)
# Java VM: Java HotSpot(TM) 64-Bit Server VM 18.9 (11.0.12+8-LTS-237, mixed mode, tiered, compressed oops, g1 gc, windows-amd64)
Heap:
 garbage-first heap   total 129024K, used 82105K [0x0000000080000000, 0x0000000100000000)
  region size 1024K, 7 young (7168K), 1 survivors (1024K)
 Metaspace       used 53307K, capacity 54800K, committed 55168K, reserved 1097728K
  class space    used 6887K, capacity 7426K, committed 7552K, reserved 1048576K
GC Heap History (10 events):
Event: 8.369 GC heap before
{Heap before GC invocations=16 (full 0):
 garbage-first heap   total 129024K, used 69600K [0x0000000080000000, 0x0000000100000000)
  region size 1024K, 8 young (8192K), 6 survivors (6144K)
 Metaspace       used 49785K, capacity 51147K, committed 51456K, reserved 1093632K
  class space    used 6333K, capacity 6806K, committed 6912K, reserved 1048576K
}
Event: 8.373 GC heap after
{Heap after GC invocations=17 (full 0):
 garbage-first heap   total 129024K, used 70614K [0x0000000080000000, 0x0000000100000000)
  region size 1024K, 2 young (2048K), 2 survivors (2048K)
 Metaspace       used 49785K, capacity 51147K, committed 51456K, reserved 1093632K
  class space    used 6333K, capacity 6806K, committed 6912K, reserved 1048576K
}
Event: 8.621 GC heap before
{Heap before GC invocations=18 (full 0):
 garbage-first heap   total 129024K, used 90070K [0x0000000080000000, 0x0000000100000000)
  region size 1024K, 20 young (20480K), 2 survivors (2048K)
 Metaspace       used 50806K, capacity 52305K, committed 52352K, reserved 1095680K
  class space    used 6471K, capacity 6999K, committed 7040K, reserved 1048576K
}
Event: 8.623 GC heap after
{Heap after GC invocations=19 (full 0):
 garbage-first heap   total 129024K, used 74897K [0x0000000080000000, 0x0000000100000000)
  region size 1024K, 3 young (3072K), 3 survivors (3072K)
 Metaspace       used 50806K, capacity 52305K, committed 52352K, reserved 1095680K
  class space    used 6471K, capacity 6999K, committed 7040K, reserved 1048576K
}
Event: 8.862 GC heap before
{Heap before GC invocations=19 (full 0):
 garbage-first heap   total 129024K, used 93329K [0x0000000080000000, 0x0000000100000000)
  region size 1024K, 21 young (21504K), 3 survivors (3072K)
 Metaspace       used 52899K, capacity 54364K, committed 54528K, reserved 1095680K
  class space    used 6857K, capacity 7387K, committed 7424K, reserved 1048576K
}
Event: 8.866 GC heap after
{Heap after GC invocations=20 (full 0):
 garbage-first heap   total 129024K, used 76439K [0x0000000080000000, 0x0000000100000000)
  region size 1024K, 2 young (2048K), 2 survivors (2048K)
 Metaspace       used 52899K, capacity 54364K, committed 54528K, reserved 1095680K
  class space    used 6857K, capacity 7387K, committed 7424K, reserved 1048576K
}
Event: 9.110 GC heap before
{Heap before GC invocations=21 (full 0):
 garbage-first heap   total 129024K, used 94871K [0x0000000080000000, 0x0000000100000000)
  region size 1024K, 20 young (20480K), 2 survivors (2048K)
 Metaspace       used 52941K, capacity 54420K, committed 54784K, reserved 1097728K
  class space    used 6843K, capacity 7363K, committed 7424K, reserved 1048576K
}
Event: 9.113 GC heap after
{Heap after GC invocations=22 (full 0):
 garbage-first heap   total 129024K, used 76747K [0x0000000080000000, 0x0000000100000000)
  region size 1024K, 2 young (2048K), 2 survivors (2048K)
 Metaspace       used 52941K, capacity 54420K, committed 54784K, reserved 1097728K
  class space    used 6843K, capacity 7363K, committed 7424K, reserved 1048576K
}
Event: 9.297 GC heap before
{Heap before GC invocations=22 (full 0):
 garbage-first heap   total 129024K, used 97227K [0x0000000080000000, 0x0000000100000000)
  region size 1024K, 22 young (22528K), 2 survivors (2048K)
 Metaspace       used 52979K, capacity 54420K, committed 54784K, reserved 1097728K
  class space    used 6843K, capacity 7363K, committed 7424K, reserved 1048576K
}
Event: 9.301 GC heap after
{Heap after GC invocations=23 (full 0):
 garbage-first heap   total 129024K, used 76985K [0x0000000080000000, 0x0000000100000000)
  region size 1024K, 1 young (1024K), 1 survivors (1024K)
 Metaspace       used 52979K, capacity 54420K, committed 54784K, reserved 1097728K
  class space    used 6843K, capacity 7363K, committed 7424K, reserved 1048576K
}

