# JRE version: Java(TM) SE Runtime Environment 18.9 (11.0.12+8) (build 11.0.12+8-LTS-237)
# Java VM: Java HotSpot(TM) 64-Bit Server VM 18.9 (11.0.12+8-LTS-237, mixed mode, tiered, compressed oops, g1 gc, windows-amd64)
Heap:
 garbage-first heap   total 129024K, used 101504K [0x0000000080000000, 0x0000000100000000)
  region size 1024K, 27 young (27648K), 2 survivors (2048K)
 Metaspace       used 59212K, capacity 60870K, committed 61028K, reserved 1101824K
  class space    used 7498K, capacity 8059K, committed 8064K, reserved 1048576K
GC Heap History (10 events):
Event: 5.959 GC heap before
{Heap before GC invocations=12 (full 0):
 garbage-first heap   total 129024K, used 96602K [0x0000000080000000, 0x0000000100000000)
  region size 1024K, 44 young (45056K), 4 survivors (4096K)
 Metaspace       used 48059K, capacity 49432K, committed 49636K, reserved 1091584K
  class space    used 6178K, capacity 6628K, committed 6656K, reserved 1048576K
}
Event: 5.963 GC heap after
{Heap after GC invocations=13 (full 0):
 garbage-first heap   total 129024K, used 57158K [0x0000000080000000, 0x0000000100000000)
  region size 1024K, 5 young (5120K), 5 survivors (5120K)
 Metaspace       used 48059K, capacity 49432K, committed 49636K, reserved 1091584K
  class space    used 6178K, capacity 6628K, committed 6656K, reserved 1048576K
}
Event: 6.429 GC heap before
{Heap before GC invocations=13 (full 0):
 garbage-first heap   total 129024K, used 98118K [0x0000000080000000, 0x0000000100000000)
  region size 1024K, 46 young (47104K), 5 survivors (5120K)
 Metaspace       used 49643K, capacity 51080K, committed 51428K, reserved 1093632K
  class space    used 6333K, capacity 6807K, committed 6912K, reserved 1048576K
}
Event: 6.435 GC heap after
{Heap after GC invocations=14 (full 0):
 garbage-first heap   total 129024K, used 60856K [0x0000000080000000, 0x0000000100000000)
  region size 1024K, 6 young (6144K), 6 survivors (6144K)
 Metaspace       used 49643K, capacity 51080K, committed 51428K, reserved 1093632K
  class space    used 6333K, capacity 6807K, committed 6912K, reserved 1048576K
}
Event: 6.536 GC heap before
{Heap before GC invocations=14 (full 0):
 garbage-first heap   total 129024K, used 69048K [0x0000000080000000, 0x0000000100000000)
  region size 1024K, 14 young (14336K), 6 survivors (6144K)
 Metaspace       used 49684K, capacity 51102K, committed 51428K, reserved 1093632K
  class space    used 6339K, capacity 6813K, committed 6912K, reserved 1048576K
}
Event: 6.542 GC heap after
{Heap after GC invocations=15 (full 0):
 garbage-first heap   total 129024K, used 67760K [0x0000000080000000, 0x0000000100000000)
  region size 1024K, 5 young (5120K), 5 survivors (5120K)
 Metaspace       used 49684K, capacity 51102K, committed 51428K, reserved 1093632K
  class space    used 6339K, capacity 6813K, committed 6912K, reserved 1048576K
}
Event: 6.865 GC heap before
{Heap before GC invocations=16 (full 0):
 garbage-first heap   total 129024K, used 105648K [0x0000000080000000, 0x0000000100000000)
  region size 1024K, 37 young (37888K), 5 survivors (5120K)
 Metaspace       used 51934K, capacity 53561K, committed 53732K, reserved 1095680K
  class space    used 6634K, capacity 7162K, committed 7168K, reserved 1048576K
}
Event: 6.869 GC heap after
{Heap after GC invocations=17 (full 0):
 garbage-first heap   total 129024K, used 76678K [0x0000000080000000, 0x0000000100000000)
  region size 1024K, 5 young (5120K), 5 survivors (5120K)
 Metaspace       used 51934K, capacity 53561K, committed 53732K, reserved 1095680K
  class space    used 6634K, capacity 7162K, committed 7168K, reserved 1048576K
}
Event: 7.174 GC heap before
{Heap before GC invocations=17 (full 0):
 garbage-first heap   total 129024K, used 104326K [0x0000000080000000, 0x0000000100000000)
  region size 1024K, 32 young (32768K), 5 survivors (5120K)
 Metaspace       used 55720K, capacity 57350K, committed 57700K, reserved 1099776K
  class space    used 7106K, capacity 7700K, committed 7808K, reserved 1048576K
}
Event: 7.178 GC heap after
{Heap after GC invocations=18 (full 0):
 garbage-first heap   total 129024K, used 77952K [0x0000000080000000, 0x0000000100000000)
  region size 1024K, 2 young (2048K), 2 survivors (2048K)
 Metaspace       used 55720K, capacity 57350K, committed 57700K, reserved 1099776K
  class space    used 7106K, capacity 7700K, committed 7808K, reserved 1048576K
}

