# JRE version: OpenJDK Runtime Environment (11.0.10) (build 11.0.10+0-b96-7249189)
# Java VM: OpenJDK 64-Bit Server VM (11.0.10+0-b96-7249189, mixed mode, tiered, compressed oops, g1 gc, windows-amd64)
Heap:
 garbage-first heap   total 129024K, used 99138K [0x0000000080000000, 0x0000000100000000)
  region size 1024K, 23 young (23552K), 3 survivors (3072K)
 Metaspace       used 67270K, capacity 69111K, committed 69452K, reserved 1110016K
  class space    used 8512K, capacity 9157K, committed 9292K, reserved 1048576K
GC Heap History (20 events):
Event: 9.039 GC heap before
{Heap before GC invocations=10 (full 0):
 garbage-first heap   total 129024K, used 94991K [0x0000000080000000, 0x0000000100000000)
  region size 1024K, 53 young (54272K), 6 survivors (6144K)
 Metaspace       used 42692K, capacity 43925K, committed 44236K, reserved 1087488K
  class space    used 5514K, capacity 5968K, committed 6092K, reserved 1048576K
}
Event: 9.047 GC heap after
{Heap after GC invocations=11 (full 0):
 garbage-first heap   total 129024K, used 52247K [0x0000000080000000, 0x0000000100000000)
  region size 1024K, 6 young (6144K), 6 survivors (6144K)
 Metaspace       used 42692K, capacity 43925K, committed 44236K, reserved 1087488K
  class space    used 5514K, capacity 5968K, committed 6092K, reserved 1048576K
}
Event: 9.571 GC heap before
{Heap before GC invocations=11 (full 0):
 garbage-first heap   total 129024K, used 95255K [0x0000000080000000, 0x0000000100000000)
  region size 1024K, 48 young (49152K), 6 survivors (6144K)
 Metaspace       used 46121K, capacity 47458K, committed 47692K, reserved 1091584K
  class space    used 5887K, capacity 6359K, committed 6476K, reserved 1048576K
}
Event: 9.576 GC heap after
{Heap after GC invocations=12 (full 0):
 garbage-first heap   total 129024K, used 55440K [0x0000000080000000, 0x0000000100000000)
  region size 1024K, 3 young (3072K), 3 survivors (3072K)
 Metaspace       used 46121K, capacity 47458K, committed 47692K, reserved 1091584K
  class space    used 5887K, capacity 6359K, committed 6476K, reserved 1048576K
}
Event: 10.238 GC heap before
{Heap before GC invocations=12 (full 0):
 garbage-first heap   total 129024K, used 97424K [0x0000000080000000, 0x0000000100000000)
  region size 1024K, 44 young (45056K), 3 survivors (3072K)
 Metaspace       used 48835K, capacity 50155K, committed 50252K, reserved 1093632K
  class space    used 6278K, capacity 6703K, committed 6732K, reserved 1048576K
}
Event: 10.244 GC heap after
{Heap after GC invocations=13 (full 0):
 garbage-first heap   total 129024K, used 57810K [0x0000000080000000, 0x0000000100000000)
  region size 1024K, 6 young (6144K), 6 survivors (6144K)
 Metaspace       used 48835K, capacity 50155K, committed 50252K, reserved 1093632K
  class space    used 6278K, capacity 6703K, committed 6732K, reserved 1048576K
}
Event: 11.427 GC heap before
{Heap before GC invocations=13 (full 0):
 garbage-first heap   total 129024K, used 102866K [0x0000000080000000, 0x0000000100000000)
  region size 1024K, 47 young (48128K), 6 survivors (6144K)
 Metaspace       used 49742K, capacity 51339K, committed 51532K, reserved 1093632K
  class space    used 6356K, capacity 6896K, committed 6988K, reserved 1048576K
}
Event: 11.435 GC heap after
{Heap after GC invocations=14 (full 0):
 garbage-first heap   total 129024K, used 68906K [0x0000000080000000, 0x0000000100000000)
  region size 1024K, 6 young (6144K), 6 survivors (6144K)
 Metaspace       used 49742K, capacity 51339K, committed 51532K, reserved 1093632K
  class space    used 6356K, capacity 6896K, committed 6988K, reserved 1048576K
}
Event: 12.206 GC heap before
{Heap before GC invocations=14 (full 0):
 garbage-first heap   total 129024K, used 101674K [0x0000000080000000, 0x0000000100000000)
  region size 1024K, 38 young (38912K), 6 survivors (6144K)
 Metaspace       used 53158K, capacity 54809K, committed 54988K, reserved 1097728K
  class space    used 6793K, capacity 7344K, committed 7372K, reserved 1048576K
}
Event: 12.216 GC heap after
{Heap after GC invocations=15 (full 0):
 garbage-first heap   total 129024K, used 70604K [0x0000000080000000, 0x0000000100000000)
  region size 1024K, 2 young (2048K), 2 survivors (2048K)
 Metaspace       used 53158K, capacity 54809K, committed 54988K, reserved 1097728K
  class space    used 6793K, capacity 7344K, committed 7372K, reserved 1048576K
}
Event: 12.922 GC heap before
{Heap before GC invocations=16 (full 0):
 garbage-first heap   total 129024K, used 102348K [0x0000000080000000, 0x0000000100000000)
  region size 1024K, 33 young (33792K), 2 survivors (2048K)
 Metaspace       used 58177K, capacity 59873K, committed 59980K, reserved 1101824K
  class space    used 7350K, capacity 7948K, committed 8012K, reserved 1048576K
}
Event: 12.928 GC heap after
{Heap after GC invocations=17 (full 0):
 garbage-first heap   total 129024K, used 71529K [0x0000000080000000, 0x0000000100000000)
  region size 1024K, 3 young (3072K), 3 survivors (3072K)
 Metaspace       used 58177K, capacity 59873K, committed 59980K, reserved 1101824K
  class space    used 7350K, capacity 7948K, committed 8012K, reserved 1048576K
}
Event: 13.516 GC heap before
{Heap before GC invocations=17 (full 0):
 garbage-first heap   total 129024K, used 102249K [0x0000000080000000, 0x0000000100000000)
  region size 1024K, 34 young (34816K), 3 survivors (3072K)
 Metaspace       used 62219K, capacity 64016K, committed 64076K, reserved 1105920K
  class space    used 7866K, capacity 8474K, committed 8524K, reserved 1048576K
}
Event: 13.524 GC heap after
{Heap after GC invocations=18 (full 0):
 garbage-first heap   total 129024K, used 76258K [0x0000000080000000, 0x0000000100000000)
  region size 1024K, 5 young (5120K), 5 survivors (5120K)
 Metaspace       used 62219K, capacity 64016K, committed 64076K, reserved 1105920K
  class space    used 7866K, capacity 8474K, committed 8524K, reserved 1048576K
}
Event: 14.118 GC heap before
{Heap before GC invocations=19 (full 0):
 garbage-first heap   total 129024K, used 104930K [0x0000000080000000, 0x0000000100000000)
  region size 1024K, 33 young (33792K), 5 survivors (5120K)
 Metaspace       used 64957K, capacity 66743K, committed 67020K, reserved 1107968K
  class space    used 8213K, capacity 8821K, committed 8908K, reserved 1048576K
}
Event: 14.124 GC heap after
{Heap after GC invocations=20 (full 0):
 garbage-first heap   total 129024K, used 77024K [0x0000000080000000, 0x0000000100000000)
  region size 1024K, 3 young (3072K), 3 survivors (3072K)
 Metaspace       used 64957K, capacity 66743K, committed 67020K, reserved 1107968K
  class space    used 8213K, capacity 8821K, committed 8908K, reserved 1048576K
}
Event: 14.192 GC heap before
{Heap before GC invocations=20 (full 0):
 garbage-first heap   total 129024K, used 79072K [0x0000000080000000, 0x0000000100000000)
  region size 1024K, 6 young (6144K), 3 survivors (3072K)
 Metaspace       used 65207K, capacity 67037K, committed 67276K, reserved 1107968K
  class space    used 8240K, capacity 8855K, committed 8908K, reserved 1048576K
}
Event: 14.195 GC heap after
{Heap after GC invocations=21 (full 0):
 garbage-first heap   total 129024K, used 77283K [0x0000000080000000, 0x0000000100000000)
  region size 1024K, 3 young (3072K), 3 survivors (3072K)
 Metaspace       used 65207K, capacity 67037K, committed 67276K, reserved 1107968K
  class space    used 8240K, capacity 8855K, committed 8908K, reserved 1048576K
}
Event: 14.575 GC heap before
{Heap before GC invocations=22 (full 0):
 garbage-first heap   total 129024K, used 106979K [0x0000000080000000, 0x0000000100000000)
  region size 1024K, 31 young (31744K), 3 survivors (3072K)
 Metaspace       used 66082K, capacity 67977K, committed 68172K, reserved 1107968K
  class space    used 8375K, capacity 8994K, committed 9036K, reserved 1048576K
}
Event: 14.581 GC heap after
{Heap after GC invocations=23 (full 0):
 garbage-first heap   total 129024K, used 79682K [0x0000000080000000, 0x0000000100000000)
  region size 1024K, 3 young (3072K), 3 survivors (3072K)
 Metaspace       used 66082K, capacity 67977K, committed 68172K, reserved 1107968K
  class space    used 8375K, capacity 8994K, committed 9036K, reserved 1048576K
}

