# JRE version: Java(TM) SE Runtime Environment 18.9 (11.0.12+8) (build 11.0.12+8-LTS-237)
# Java VM: Java HotSpot(TM) 64-Bit Server VM 18.9 (11.0.12+8-LTS-237, mixed mode, tiered, compressed oops, g1 gc, windows-amd64)
Heap:
 garbage-first heap   total 266240K, used 259550K [0x0000000080000000, 0x0000000100000000)
  region size 1024K, 13 young (13312K), 2 survivors (2048K)
 Metaspace       used 108916K, capacity 112027K, committed 112104K, reserved 1146880K
  class space    used 13491K, capacity 14620K, committed 14668K, reserved 1048576K
GC Heap History (10 events):
Event: 93.554 GC heap after
{Heap after GC invocations=59 (full 0):
 garbage-first heap   total 225280K, used 187887K [0x0000000080000000, 0x0000000100000000)
  region size 1024K, 1 young (1024K), 1 survivors (1024K)
 Metaspace       used 105607K, capacity 108625K, committed 108904K, reserved 1144832K
  class space    used 13149K, capacity 14195K, committed 14284K, reserved 1048576K
}
Event: 93.587 GC heap before
{Heap before GC invocations=59 (full 0):
 garbage-first heap   total 225280K, used 197103K [0x0000000080000000, 0x0000000100000000)
  region size 1024K, 11 young (11264K), 1 survivors (1024K)
 Metaspace       used 105666K, capacity 108625K, committed 108904K, reserved 1144832K
  class space    used 13156K, capacity 14195K, committed 14284K, reserved 1048576K
}
Event: 93.592 GC heap after
{Heap after GC invocations=60 (full 0):
 garbage-first heap   total 225280K, used 190429K [0x0000000080000000, 0x0000000100000000)
  region size 1024K, 2 young (2048K), 2 survivors (2048K)
 Metaspace       used 105666K, capacity 108625K, committed 108904K, reserved 1144832K
  class space    used 13156K, capacity 14195K, committed 14284K, reserved 1048576K
}
Event: 93.670 GC heap before
{Heap before GC invocations=60 (full 0):
 garbage-first heap   total 225280K, used 198621K [0x0000000080000000, 0x0000000100000000)
  region size 1024K, 11 young (11264K), 2 survivors (2048K)
 Metaspace       used 106231K, capacity 109297K, committed 109544K, reserved 1144832K
  class space    used 13223K, capacity 14314K, committed 14412K, reserved 1048576K
}
Event: 93.673 GC heap after
{Heap after GC invocations=61 (full 0):
 garbage-first heap   total 225280K, used 191076K [0x0000000080000000, 0x0000000100000000)
  region size 1024K, 2 young (2048K), 2 survivors (2048K)
 Metaspace       used 106231K, capacity 109297K, committed 109544K, reserved 1144832K
  class space    used 13223K, capacity 14314K, committed 14412K, reserved 1048576K
}
Event: 93.713 GC heap before
{Heap before GC invocations=61 (full 0):
 garbage-first heap   total 225280K, used 196196K [0x0000000080000000, 0x0000000100000000)
  region size 1024K, 8 young (8192K), 2 survivors (2048K)
 Metaspace       used 106526K, capacity 109623K, committed 109800K, reserved 1144832K
  class space    used 13249K, capacity 14379K, committed 14412K, reserved 1048576K
}
Event: 93.716 GC heap after
{Heap after GC invocations=62 (full 0):
 garbage-first heap   total 225280K, used 191351K [0x0000000080000000, 0x0000000100000000)
  region size 1024K, 2 young (2048K), 2 survivors (2048K)
 Metaspace       used 106526K, capacity 109623K, committed 109800K, reserved 1144832K
  class space    used 13249K, capacity 14379K, committed 14412K, reserved 1048576K
}
Event: 93.965 GC heap before
{Heap before GC invocations=62 (full 0):
 garbage-first heap   total 259072K, used 257911K [0x0000000080000000, 0x0000000100000000)
  region size 1024K, 11 young (11264K), 2 survivors (2048K)
 Metaspace       used 107428K, capacity 110531K, committed 110696K, reserved 1144832K
  class space    used 13344K, capacity 14464K, committed 14540K, reserved 1048576K
}
Event: 93.968 GC heap after
{Heap after GC invocations=63 (full 0):
 garbage-first heap   total 262144K, used 249288K [0x0000000080000000, 0x0000000100000000)
  region size 1024K, 2 young (2048K), 2 survivors (2048K)
 Metaspace       used 107428K, capacity 110531K, committed 110696K, reserved 1144832K
  class space    used 13344K, capacity 14464K, committed 14540K, reserved 1048576K
}
Event: 94.194 GC heap before
{Heap before GC invocations=64 (full 0):
 garbage-first heap   total 262144K, used 258504K [0x0000000080000000, 0x0000000100000000)
  region size 1024K, 13 young (13312K), 2 survivors (2048K)
 Metaspace       used 108916K, capacity 112027K, committed 112104K, reserved 1146880K
  class space    used 13491K, capacity 14620K, committed 14668K, reserved 1048576K
}

