# JRE version: Java(TM) SE Runtime Environment 18.9 (11.0.12+8) (build 11.0.12+8-LTS-237)
# Java VM: Java HotSpot(TM) 64-Bit Server VM 18.9 (11.0.12+8-LTS-237, mixed mode, tiered, compressed oops, g1 gc, windows-amd64)
Heap:
 garbage-first heap   total 187392K, used 82287K [0x0000000080000000, 0x0000000100000000)
  region size 1024K, 7 young (7168K), 7 survivors (7168K)
 Metaspace       used 82876K, capacity 85082K, committed 85324K, reserved 1122304K
  class space    used 10697K, capacity 11516K, committed 11596K, reserved 1048576K
GC Heap History (10 events):
Event: 7.298 GC heap after
{Heap after GC invocations=14 (full 0):
 garbage-first heap   total 155648K, used 57736K [0x0000000080000000, 0x0000000100000000)
  region size 1024K, 6 young (6144K), 6 survivors (6144K)
 Metaspace       used 64069K, capacity 65587K, committed 65740K, reserved 1105920K
  class space    used 8050K, capacity 8583K, committed 8652K, reserved 1048576K
}
Event: 7.813 GC heap before
{Heap before GC invocations=14 (full 0):
 garbage-first heap   total 155648K, used 114056K [0x0000000080000000, 0x0000000100000000)
  region size 1024K, 61 young (62464K), 6 survivors (6144K)
 Metaspace       used 66954K, capacity 68482K, committed 68812K, reserved 1110016K
  class space    used 8483K, capacity 9054K, committed 9164K, reserved 1048576K
}
Event: 7.821 GC heap after
{Heap after GC invocations=15 (full 0):
 garbage-first heap   total 155648K, used 62703K [0x0000000080000000, 0x0000000100000000)
  region size 1024K, 5 young (5120K), 5 survivors (5120K)
 Metaspace       used 66954K, capacity 68482K, committed 68812K, reserved 1110016K
  class space    used 8483K, capacity 9054K, committed 9164K, reserved 1048576K
}
Event: 8.626 GC heap before
{Heap before GC invocations=15 (full 0):
 garbage-first heap   total 155648K, used 117999K [0x0000000080000000, 0x0000000100000000)
  region size 1024K, 59 young (60416K), 5 survivors (5120K)
 Metaspace       used 70887K, capacity 72571K, committed 72780K, reserved 1112064K
  class space    used 9111K, capacity 9771K, committed 9804K, reserved 1048576K
}
Event: 8.634 GC heap after
{Heap after GC invocations=16 (full 0):
 garbage-first heap   total 155648K, used 66356K [0x0000000080000000, 0x0000000100000000)
  region size 1024K, 4 young (4096K), 4 survivors (4096K)
 Metaspace       used 70887K, capacity 72571K, committed 72780K, reserved 1112064K
  class space    used 9111K, capacity 9771K, committed 9804K, reserved 1048576K
}
Event: 9.617 GC heap before
{Heap before GC invocations=16 (full 0):
 garbage-first heap   total 155648K, used 120628K [0x0000000080000000, 0x0000000100000000)
  region size 1024K, 57 young (58368K), 4 survivors (4096K)
 Metaspace       used 76928K, capacity 78746K, committed 78796K, reserved 1118208K
  class space    used 9973K, capacity 10680K, committed 10700K, reserved 1048576K
}
Event: 9.624 GC heap after
{Heap after GC invocations=17 (full 0):
 garbage-first heap   total 155648K, used 69577K [0x0000000080000000, 0x0000000100000000)
  region size 1024K, 7 young (7168K), 7 survivors (7168K)
 Metaspace       used 76928K, capacity 78746K, committed 78796K, reserved 1118208K
  class space    used 9973K, capacity 10680K, committed 10700K, reserved 1048576K
}
Event: 10.485 GC heap before
{Heap before GC invocations=17 (full 0):
 garbage-first heap   total 155648K, used 121801K [0x0000000080000000, 0x0000000100000000)
  region size 1024K, 59 young (60416K), 7 survivors (7168K)
 Metaspace       used 81035K, capacity 82988K, committed 83148K, reserved 1122304K
  class space    used 10463K, capacity 11195K, committed 11212K, reserved 1048576K
}
Event: 10.499 GC heap after
{Heap after GC invocations=18 (full 0):
 garbage-first heap   total 155648K, used 75616K [0x0000000080000000, 0x0000000100000000)
  region size 1024K, 8 young (8192K), 8 survivors (8192K)
 Metaspace       used 81035K, capacity 82988K, committed 83148K, reserved 1122304K
  class space    used 10463K, capacity 11195K, committed 11212K, reserved 1048576K
}
Event: 11.347 GC heap before
{Heap before GC invocations=18 (full 0):
 garbage-first heap   total 155648K, used 122720K [0x0000000080000000, 0x0000000100000000)
  region size 1024K, 55 young (56320K), 8 survivors (8192K)
 Metaspace       used 82876K, capacity 85082K, committed 85324K, reserved 1122304K
  class space    used 10697K, capacity 11516K, committed 11596K, reserved 1048576K
}

