# JRE version: Java(TM) SE Runtime Environment 18.9 (11.0.12+8) (build 11.0.12+8-LTS-237)
# Java VM: Java HotSpot(TM) 64-Bit Server VM 18.9 (11.0.12+8-LTS-237, mixed mode, tiered, compressed oops, g1 gc, windows-amd64)
Heap:
 garbage-first heap   total 225280K, used 182248K [0x0000000080000000, 0x0000000100000000)
  region size 1024K, 47 young (48128K), 2 survivors (2048K)
 Metaspace       used 111132K, capacity 114529K, committed 114688K, reserved 1148928K
  class space    used 13895K, capacity 15061K, committed 15104K, reserved 1048576K
GC Heap History (10 events):
Event: 43.740 GC heap before
{Heap before GC invocations=44 (full 0):
 garbage-first heap   total 225280K, used 187403K [0x0000000080000000, 0x0000000100000000)
  region size 1024K, 59 young (60416K), 5 survivors (5120K)
 Metaspace       used 108824K, capacity 111957K, committed 112000K, reserved 1146880K
  class space    used 13582K, capacity 14690K, committed 14720K, reserved 1048576K
}
Event: 43.751 GC heap after
{Heap after GC invocations=45 (full 0):
 garbage-first heap   total 225280K, used 138813K [0x0000000080000000, 0x0000000100000000)
  region size 1024K, 6 young (6144K), 6 survivors (6144K)
 Metaspace       used 108824K, capacity 111957K, committed 112000K, reserved 1146880K
  class space    used 13582K, capacity 14690K, committed 14720K, reserved 1048576K
}
Event: 43.809 GC heap before
{Heap before GC invocations=45 (full 0):
 garbage-first heap   total 225280K, used 142909K [0x0000000080000000, 0x0000000100000000)
  region size 1024K, 11 young (11264K), 6 survivors (6144K)
 Metaspace       used 109256K, capacity 112438K, committed 112640K, reserved 1146880K
  class space    used 13677K, capacity 14823K, committed 14848K, reserved 1048576K
}
Event: 43.820 GC heap after
{Heap after GC invocations=46 (full 0):
 garbage-first heap   total 225280K, used 137748K [0x0000000080000000, 0x0000000100000000)
  region size 1024K, 1 young (1024K), 1 survivors (1024K)
 Metaspace       used 109256K, capacity 112438K, committed 112640K, reserved 1146880K
  class space    used 13677K, capacity 14823K, committed 14848K, reserved 1048576K
}
Event: 44.433 GC heap before
{Heap before GC invocations=46 (full 0):
 garbage-first heap   total 225280K, used 187924K [0x0000000080000000, 0x0000000100000000)
  region size 1024K, 51 young (52224K), 1 survivors (1024K)
 Metaspace       used 109604K, capacity 112906K, committed 113024K, reserved 1146880K
  class space    used 13723K, capacity 14886K, committed 14976K, reserved 1048576K
}
Event: 44.444 GC heap after
{Heap after GC invocations=47 (full 0):
 garbage-first heap   total 225280K, used 141934K [0x0000000080000000, 0x0000000100000000)
  region size 1024K, 5 young (5120K), 5 survivors (5120K)
 Metaspace       used 109604K, capacity 112906K, committed 113024K, reserved 1146880K
  class space    used 13723K, capacity 14886K, committed 14976K, reserved 1048576K
}
Event: 45.403 GC heap before
{Heap before GC invocations=48 (full 0):
 garbage-first heap   total 225280K, used 190062K [0x0000000080000000, 0x0000000100000000)
  region size 1024K, 52 young (53248K), 5 survivors (5120K)
 Metaspace       used 110656K, capacity 113839K, committed 113920K, reserved 1148928K
  class space    used 13874K, capacity 15025K, committed 15104K, reserved 1048576K
}
Event: 45.412 GC heap after
{Heap after GC invocations=49 (full 0):
 garbage-first heap   total 225280K, used 147158K [0x0000000080000000, 0x0000000100000000)
  region size 1024K, 6 young (6144K), 6 survivors (6144K)
 Metaspace       used 110656K, capacity 113839K, committed 113920K, reserved 1148928K
  class space    used 13874K, capacity 15025K, committed 15104K, reserved 1048576K
}
Event: 45.598 GC heap before
{Heap before GC invocations=49 (full 0):
 garbage-first heap   total 225280K, used 151254K [0x0000000080000000, 0x0000000100000000)
  region size 1024K, 11 young (11264K), 6 survivors (6144K)
 Metaspace       used 110868K, capacity 114075K, committed 114176K, reserved 1148928K
  class space    used 13894K, capacity 15059K, committed 15104K, reserved 1048576K
}
Event: 45.608 GC heap after
{Heap after GC invocations=50 (full 0):
 garbage-first heap   total 225280K, used 137192K [0x0000000080000000, 0x0000000100000000)
  region size 1024K, 2 young (2048K), 2 survivors (2048K)
 Metaspace       used 110868K, capacity 114075K, committed 114176K, reserved 1148928K
  class space    used 13894K, capacity 15059K, committed 15104K, reserved 1048576K
}

