# JRE version: Java(TM) SE Runtime Environment 18.9 (11.0.12+8) (build 11.0.12+8-LTS-237)
# Java VM: Java HotSpot(TM) 64-Bit Server VM 18.9 (11.0.12+8-LTS-237, mixed mode, tiered, compressed oops, g1 gc, windows-amd64)
Heap:
 garbage-first heap   total 421888K, used 276071K [0x0000000080000000, 0x0000000100000000)
  region size 1024K, 4 young (4096K), 3 survivors (3072K)
 Metaspace       used 89745K, capacity 92078K, committed 92236K, reserved 1130496K
  class space    used 11267K, capacity 12081K, committed 12160K, reserved 1048576K
GC Heap History (10 events):
Event: 16.523 GC heap before
{Heap before GC invocations=42 (full 0):
 garbage-first heap   total 304128K, used 252445K [0x0000000080000000, 0x0000000100000000)
  region size 1024K, 15 young (15360K), 3 survivors (3072K)
 Metaspace       used 89685K, capacity 92014K, committed 92236K, reserved 1130496K
  class space    used 11267K, capacity 12081K, committed 12160K, reserved 1048576K
}
Event: 16.528 GC heap after
{Heap after GC invocations=43 (full 0):
 garbage-first heap   total 304128K, used 240473K [0x0000000080000000, 0x0000000100000000)
  region size 1024K, 2 young (2048K), 2 survivors (2048K)
 Metaspace       used 89685K, capacity 92014K, committed 92236K, reserved 1130496K
  class space    used 11267K, capacity 12081K, committed 12160K, reserved 1048576K
}
Event: 16.651 GC heap before
{Heap before GC invocations=43 (full 0):
 garbage-first heap   total 304128K, used 264025K [0x0000000080000000, 0x0000000100000000)
  region size 1024K, 23 young (23552K), 2 survivors (2048K)
 Metaspace       used 89706K, capacity 92078K, committed 92236K, reserved 1130496K
  class space    used 11267K, capacity 12081K, committed 12160K, reserved 1048576K
}
Event: 16.654 GC heap after
{Heap after GC invocations=44 (full 0):
 garbage-first heap   total 304128K, used 245210K [0x0000000080000000, 0x0000000100000000)
  region size 1024K, 2 young (2048K), 2 survivors (2048K)
 Metaspace       used 89706K, capacity 92078K, committed 92236K, reserved 1130496K
  class space    used 11267K, capacity 12081K, committed 12160K, reserved 1048576K
}
Event: 16.735 GC heap before
{Heap before GC invocations=44 (full 0):
 garbage-first heap   total 304128K, used 267738K [0x0000000080000000, 0x0000000100000000)
  region size 1024K, 21 young (21504K), 2 survivors (2048K)
 Metaspace       used 89722K, capacity 92078K, committed 92236K, reserved 1130496K
  class space    used 11267K, capacity 12081K, committed 12160K, reserved 1048576K
}
Event: 16.742 GC heap after
{Heap after GC invocations=45 (full 0):
 garbage-first heap   total 365568K, used 250254K [0x0000000080000000, 0x0000000100000000)
  region size 1024K, 3 young (3072K), 3 survivors (3072K)
 Metaspace       used 89722K, capacity 92078K, committed 92236K, reserved 1130496K
  class space    used 11267K, capacity 12081K, committed 12160K, reserved 1048576K
}
Event: 17.002 GC heap before
{Heap before GC invocations=46 (full 0):
 garbage-first heap   total 365568K, used 323982K [0x0000000080000000, 0x0000000100000000)
  region size 1024K, 49 young (50176K), 3 survivors (3072K)
 Metaspace       used 89737K, capacity 92078K, committed 92236K, reserved 1130496K
  class space    used 11267K, capacity 12081K, committed 12160K, reserved 1048576K
}
Event: 17.008 GC heap after
{Heap after GC invocations=47 (full 0):
 garbage-first heap   total 365568K, used 275980K [0x0000000080000000, 0x0000000100000000)
  region size 1024K, 4 young (4096K), 4 survivors (4096K)
 Metaspace       used 89737K, capacity 92078K, committed 92236K, reserved 1130496K
  class space    used 11267K, capacity 12081K, committed 12160K, reserved 1048576K
}
Event: 17.036 GC heap before
{Heap before GC invocations=47 (full 0):
 garbage-first heap   total 365568K, used 280076K [0x0000000080000000, 0x0000000100000000)
  region size 1024K, 10 young (10240K), 4 survivors (4096K)
 Metaspace       used 89745K, capacity 92078K, committed 92236K, reserved 1130496K
  class space    used 11267K, capacity 12081K, committed 12160K, reserved 1048576K
}
Event: 17.041 GC heap after
{Heap after GC invocations=48 (full 0):
 garbage-first heap   total 365568K, used 276071K [0x0000000080000000, 0x0000000100000000)
  region size 1024K, 3 young (3072K), 3 survivors (3072K)
 Metaspace       used 89745K, capacity 92078K, committed 92236K, reserved 1130496K
  class space    used 11267K, capacity 12081K, committed 12160K, reserved 1048576K
}

