# JRE version: Java(TM) SE Runtime Environment 18.9 (11.0.12+8) (build 11.0.12+8-LTS-237)
# Java VM: Java HotSpot(TM) 64-Bit Server VM 18.9 (11.0.12+8-LTS-237, mixed mode, tiered, compressed oops, g1 gc, windows-amd64)
Heap:
 garbage-first heap   total 155648K, used 83243K [0x0000000080000000, 0x0000000100000000)
  region size 1024K, 35 young (35840K), 3 survivors (3072K)
 Metaspace       used 56657K, capacity 58077K, committed 58112K, reserved 1099776K
  class space    used 7120K, capacity 7676K, committed 7680K, reserved 1048576K
GC Heap History (10 events):
Event: 4.017 GC heap before
{Heap before GC invocations=5 (full 0):
 garbage-first heap   total 129024K, used 71234K [0x0000000080000000, 0x0000000100000000)
  region size 1024K, 57 young (58368K), 4 survivors (4096K)
 Metaspace       used 35046K, capacity 35770K, committed 35840K, reserved 1081344K
  class space    used 4531K, capacity 4811K, committed 4864K, reserved 1048576K
}
Event: 4.023 GC heap after
{Heap after GC invocations=6 (full 0):
 garbage-first heap   total 129024K, used 22404K [0x0000000080000000, 0x0000000100000000)
  region size 1024K, 7 young (7168K), 7 survivors (7168K)
 Metaspace       used 35046K, capacity 35770K, committed 35840K, reserved 1081344K
  class space    used 4531K, capacity 4811K, committed 4864K, reserved 1048576K
}
Event: 4.708 GC heap before
{Heap before GC invocations=7 (full 0):
 garbage-first heap   total 129024K, used 92036K [0x0000000080000000, 0x0000000100000000)
  region size 1024K, 72 young (73728K), 7 survivors (7168K)
 Metaspace       used 41379K, capacity 42280K, committed 42496K, reserved 1085440K
  class space    used 5257K, capacity 5603K, committed 5632K, reserved 1048576K
}
Event: 4.717 GC heap after
{Heap after GC invocations=8 (full 0):
 garbage-first heap   total 129024K, used 28517K [0x0000000080000000, 0x0000000100000000)
  region size 1024K, 9 young (9216K), 9 survivors (9216K)
 Metaspace       used 41379K, capacity 42280K, committed 42496K, reserved 1085440K
  class space    used 5257K, capacity 5603K, committed 5632K, reserved 1048576K
}
Event: 5.269 GC heap before
{Heap before GC invocations=8 (full 0):
 garbage-first heap   total 129024K, used 92005K [0x0000000080000000, 0x0000000100000000)
  region size 1024K, 71 young (72704K), 9 survivors (9216K)
 Metaspace       used 45164K, capacity 46250K, committed 46464K, reserved 1089536K
  class space    used 5794K, capacity 6204K, committed 6272K, reserved 1048576K
}
Event: 5.277 GC heap after
{Heap after GC invocations=9 (full 0):
 garbage-first heap   total 129024K, used 29390K [0x0000000080000000, 0x0000000100000000)
  region size 1024K, 4 young (4096K), 4 survivors (4096K)
 Metaspace       used 45164K, capacity 46250K, committed 46464K, reserved 1089536K
  class space    used 5794K, capacity 6204K, committed 6272K, reserved 1048576K
}
Event: 6.021 GC heap before
{Heap before GC invocations=9 (full 0):
 garbage-first heap   total 129024K, used 101070K [0x0000000080000000, 0x0000000100000000)
  region size 1024K, 68 young (69632K), 4 survivors (4096K)
 Metaspace       used 47171K, capacity 48343K, committed 48512K, reserved 1091584K
  class space    used 6014K, capacity 6469K, committed 6528K, reserved 1048576K
}
Event: 6.031 GC heap after
{Heap after GC invocations=10 (full 0):
 garbage-first heap   total 129024K, used 49116K [0x0000000080000000, 0x0000000100000000)
  region size 1024K, 9 young (9216K), 9 survivors (9216K)
 Metaspace       used 47171K, capacity 48343K, committed 48512K, reserved 1091584K
  class space    used 6014K, capacity 6469K, committed 6528K, reserved 1048576K
}
Event: 6.516 GC heap before
{Heap before GC invocations=10 (full 0):
 garbage-first heap   total 129024K, used 96220K [0x0000000080000000, 0x0000000100000000)
  region size 1024K, 55 young (56320K), 9 survivors (9216K)
 Metaspace       used 51617K, capacity 53009K, committed 53248K, reserved 1095680K
  class space    used 6572K, capacity 7074K, committed 7168K, reserved 1048576K
}
Event: 6.524 GC heap after
{Heap after GC invocations=11 (full 0):
 garbage-first heap   total 155648K, used 51499K [0x0000000080000000, 0x0000000100000000)
  region size 1024K, 3 young (3072K), 3 survivors (3072K)
 Metaspace       used 51617K, capacity 53009K, committed 53248K, reserved 1095680K
  class space    used 6572K, capacity 7074K, committed 7168K, reserved 1048576K
}

