# JRE version: Java(TM) SE Runtime Environment 18.9 (11.0.12+8) (build 11.0.12+8-LTS-237)
# Java VM: Java HotSpot(TM) 64-Bit Server VM 18.9 (11.0.12+8-LTS-237, mixed mode, tiered, compressed oops, g1 gc, windows-amd64)
Heap:
 garbage-first heap   total 155648K, used 62923K [0x0000000080000000, 0x0000000100000000)
  region size 1024K, 11 young (11264K), 6 survivors (6144K)
 Metaspace       used 49658K, capacity 51037K, committed 51200K, reserved 1093632K
  class space    used 6350K, capacity 6839K, committed 6912K, reserved 1048576K
GC Heap History (10 events):
Event: 4.223 GC heap before
{Heap before GC invocations=6 (full 0):
 garbage-first heap   total 129024K, used 43068K [0x0000000080000000, 0x0000000100000000)
  region size 1024K, 18 young (18432K), 8 survivors (8192K)
 Metaspace       used 34857K, capacity 35744K, committed 35840K, reserved 1081344K
  class space    used 4550K, capacity 4933K, committed 4992K, reserved 1048576K
}
Event: 4.230 GC heap after
{Heap after GC invocations=7 (full 0):
 garbage-first heap   total 129024K, used 35765K [0x0000000080000000, 0x0000000100000000)
  region size 1024K, 6 young (6144K), 6 survivors (6144K)
 Metaspace       used 34857K, capacity 35744K, committed 35840K, reserved 1081344K
  class space    used 4550K, capacity 4933K, committed 4992K, reserved 1048576K
}
Event: 4.781 GC heap before
{Heap before GC invocations=8 (full 0):
 garbage-first heap   total 129024K, used 92085K [0x0000000080000000, 0x0000000100000000)
  region size 1024K, 59 young (60416K), 6 survivors (6144K)
 Metaspace       used 40587K, capacity 41503K, committed 41728K, reserved 1085440K
  class space    used 5204K, capacity 5570K, committed 5632K, reserved 1048576K
}
Event: 4.790 GC heap after
{Heap after GC invocations=9 (full 0):
 garbage-first heap   total 129024K, used 40633K [0x0000000080000000, 0x0000000100000000)
  region size 1024K, 7 young (7168K), 7 survivors (7168K)
 Metaspace       used 40587K, capacity 41503K, committed 41728K, reserved 1085440K
  class space    used 5204K, capacity 5570K, committed 5632K, reserved 1048576K
}
Event: 5.368 GC heap before
{Heap before GC invocations=10 (full 0):
 garbage-first heap   total 129024K, used 101049K [0x0000000080000000, 0x0000000100000000)
  region size 1024K, 58 young (59392K), 7 survivors (7168K)
 Metaspace       used 44565K, capacity 45680K, committed 45696K, reserved 1089536K
  class space    used 5607K, capacity 6016K, committed 6016K, reserved 1048576K
}
Event: 5.375 GC heap after
{Heap after GC invocations=11 (full 0):
 garbage-first heap   total 129024K, used 53143K [0x0000000080000000, 0x0000000100000000)
  region size 1024K, 6 young (6144K), 6 survivors (6144K)
 Metaspace       used 44565K, capacity 45680K, committed 45696K, reserved 1089536K
  class space    used 5607K, capacity 6016K, committed 6016K, reserved 1048576K
}
Event: 5.762 GC heap before
{Heap before GC invocations=11 (full 0):
 garbage-first heap   total 129024K, used 97175K [0x0000000080000000, 0x0000000100000000)
  region size 1024K, 49 young (50176K), 6 survivors (6144K)
 Metaspace       used 47160K, capacity 48427K, committed 48512K, reserved 1091584K
  class space    used 6034K, capacity 6486K, committed 6528K, reserved 1048576K
}
Event: 5.769 GC heap after
{Heap after GC invocations=12 (full 0):
 garbage-first heap   total 155648K, used 56427K [0x0000000080000000, 0x0000000100000000)
  region size 1024K, 4 young (4096K), 4 survivors (4096K)
 Metaspace       used 47160K, capacity 48427K, committed 48512K, reserved 1091584K
  class space    used 6034K, capacity 6486K, committed 6528K, reserved 1048576K
}
Event: 6.222 GC heap before
{Heap before GC invocations=12 (full 0):
 garbage-first heap   total 155648K, used 114795K [0x0000000080000000, 0x0000000100000000)
  region size 1024K, 61 young (62464K), 4 survivors (4096K)
 Metaspace       used 49466K, capacity 50865K, committed 51200K, reserved 1093632K
  class space    used 6331K, capacity 6804K, committed 6912K, reserved 1048576K
}
Event: 6.227 GC heap after
{Heap after GC invocations=13 (full 0):
 garbage-first heap   total 155648K, used 58827K [0x0000000080000000, 0x0000000100000000)
  region size 1024K, 6 young (6144K), 6 survivors (6144K)
 Metaspace       used 49466K, capacity 50865K, committed 51200K, reserved 1093632K
  class space    used 6331K, capacity 6804K, committed 6912K, reserved 1048576K
}

