# JRE version: Java(TM) SE Runtime Environment 18.9 (11.0.12+8) (build 11.0.12+8-LTS-237)
# Java VM: Java HotSpot(TM) 64-Bit Server VM 18.9 (11.0.12+8-LTS-237, mixed mode, tiered, compressed oops, g1 gc, windows-amd64)
Heap:
 garbage-first heap   total 129024K, used 67041K [0x0000000080000000, 0x0000000100000000)
  region size 1024K, 8 young (8192K), 6 survivors (6144K)
 Metaspace       used 71251K, capacity 72915K, committed 73036K, reserved 1112064K
  class space    used 9168K, capacity 9818K, committed 9856K, reserved 1048576K
GC Heap History (10 events):
Event: 8.287 GC heap before
{Heap before GC invocations=10 (full 0):
 garbage-first heap   total 129024K, used 95668K [0x0000000080000000, 0x0000000100000000)
  region size 1024K, 55 young (56320K), 9 survivors (9216K)
 Metaspace       used 52777K, capacity 54143K, committed 54400K, reserved 1095680K
  class space    used 6734K, capacity 7259K, committed 7296K, reserved 1048576K
}
Event: 8.294 GC heap after
{Heap after GC invocations=11 (full 0):
 garbage-first heap   total 129024K, used 51772K [0x0000000080000000, 0x0000000100000000)
  region size 1024K, 3 young (3072K), 3 survivors (3072K)
 Metaspace       used 52777K, capacity 54143K, committed 54400K, reserved 1095680K
  class space    used 6734K, capacity 7259K, committed 7296K, reserved 1048576K
}
Event: 8.958 GC heap before
{Heap before GC invocations=11 (full 0):
 garbage-first heap   total 129024K, used 87612K [0x0000000080000000, 0x0000000100000000)
  region size 1024K, 39 young (39936K), 3 survivors (3072K)
 Metaspace       used 58580K, capacity 60090K, committed 60160K, reserved 1101824K
  class space    used 7386K, capacity 7918K, committed 7936K, reserved 1048576K
}
Event: 8.963 GC heap after
{Heap after GC invocations=12 (full 0):
 garbage-first heap   total 129024K, used 52573K [0x0000000080000000, 0x0000000100000000)
  region size 1024K, 4 young (4096K), 4 survivors (4096K)
 Metaspace       used 58580K, capacity 60090K, committed 60160K, reserved 1101824K
  class space    used 7386K, capacity 7918K, committed 7936K, reserved 1048576K
}
Event: 9.688 GC heap before
{Heap before GC invocations=13 (full 0):
 garbage-first heap   total 129024K, used 97629K [0x0000000080000000, 0x0000000100000000)
  region size 1024K, 49 young (50176K), 4 survivors (4096K)
 Metaspace       used 63221K, capacity 64720K, committed 64844K, reserved 1105920K
  class space    used 7947K, capacity 8513K, committed 8576K, reserved 1048576K
}
Event: 9.697 GC heap after
{Heap after GC invocations=14 (full 0):
 garbage-first heap   total 129024K, used 56420K [0x0000000080000000, 0x0000000100000000)
  region size 1024K, 7 young (7168K), 7 survivors (7168K)
 Metaspace       used 63221K, capacity 64720K, committed 64844K, reserved 1105920K
  class space    used 7947K, capacity 8513K, committed 8576K, reserved 1048576K
}
Event: 10.242 GC heap before
{Heap before GC invocations=15 (full 0):
 garbage-first heap   total 129024K, used 100452K [0x0000000080000000, 0x0000000100000000)
  region size 1024K, 50 young (51200K), 7 survivors (7168K)
 Metaspace       used 64648K, capacity 66291K, committed 66380K, reserved 1107968K
  class space    used 8165K, capacity 8794K, committed 8832K, reserved 1048576K
}
Event: 10.254 GC heap after
{Heap after GC invocations=16 (full 0):
 garbage-first heap   total 129024K, used 60540K [0x0000000080000000, 0x0000000100000000)
  region size 1024K, 4 young (4096K), 4 survivors (4096K)
 Metaspace       used 64648K, capacity 66291K, committed 66380K, reserved 1107968K
  class space    used 8165K, capacity 8794K, committed 8832K, reserved 1048576K
}
Event: 11.040 GC heap before
{Heap before GC invocations=16 (full 0):
 garbage-first heap   total 129024K, used 101500K [0x0000000080000000, 0x0000000100000000)
  region size 1024K, 44 young (45056K), 4 survivors (4096K)
 Metaspace       used 69534K, capacity 71190K, committed 71244K, reserved 1112064K
  class space    used 8939K, capacity 9550K, committed 9600K, reserved 1048576K
}
Event: 11.048 GC heap after
{Heap after GC invocations=17 (full 0):
 garbage-first heap   total 129024K, used 62886K [0x0000000080000000, 0x0000000100000000)
  region size 1024K, 3 young (3072K), 3 survivors (3072K)
 Metaspace       used 69534K, capacity 71190K, committed 71244K, reserved 1112064K
  class space    used 8939K, capacity 9550K, committed 9600K, reserved 1048576K
}

