# JRE version: Java(TM) SE Runtime Environment 18.9 (11.0.12+8) (build 11.0.12+8-LTS-237)
# Java VM: Java HotSpot(TM) 64-Bit Server VM 18.9 (11.0.12+8-LTS-237, mixed mode, tiered, compressed oops, g1 gc, windows-amd64)
Heap:
 garbage-first heap   total 187392K, used 69828K [0x0000000080000000, 0x0000000100000000)
  region size 1024K, 8 young (8192K), 8 survivors (8192K)
 Metaspace       used 77366K, capacity 79221K, committed 79308K, reserved 1118208K
  class space    used 10020K, capacity 10711K, committed 10752K, reserved 1048576K
GC Heap History (10 events):
Event: 6.429 GC heap after
{Heap after GC invocations=11 (full 0):
 garbage-first heap   total 155648K, used 51556K [0x0000000080000000, 0x0000000100000000)
  region size 1024K, 10 young (10240K), 10 survivors (10240K)
 Metaspace       used 53461K, capacity 54804K, committed 55040K, reserved 1097728K
  class space    used 6802K, capacity 7332K, committed 7424K, reserved 1048576K
}
Event: 6.792 GC heap before
{Heap before GC invocations=11 (full 0):
 garbage-first heap   total 155648K, used 81252K [0x0000000080000000, 0x0000000100000000)
  region size 1024K, 40 young (40960K), 10 survivors (10240K)
 Metaspace       used 58574K, capacity 60070K, committed 60160K, reserved 1101824K
  class space    used 7376K, capacity 7913K, committed 7936K, reserved 1048576K
}
Event: 6.798 GC heap after
{Heap after GC invocations=12 (full 0):
 garbage-first heap   total 155648K, used 53283K [0x0000000080000000, 0x0000000100000000)
  region size 1024K, 2 young (2048K), 2 survivors (2048K)
 Metaspace       used 58574K, capacity 60070K, committed 60160K, reserved 1101824K
  class space    used 7376K, capacity 7913K, committed 7936K, reserved 1048576K
}
Event: 7.445 GC heap before
{Heap before GC invocations=13 (full 0):
 garbage-first heap   total 155648K, used 112675K [0x0000000080000000, 0x0000000100000000)
  region size 1024K, 60 young (61440K), 2 survivors (2048K)
 Metaspace       used 64235K, capacity 65746K, committed 65996K, reserved 1105920K
  class space    used 8089K, capacity 8616K, committed 8704K, reserved 1048576K
}
Event: 7.453 GC heap after
{Heap after GC invocations=14 (full 0):
 garbage-first heap   total 155648K, used 57676K [0x0000000080000000, 0x0000000100000000)
  region size 1024K, 6 young (6144K), 6 survivors (6144K)
 Metaspace       used 64235K, capacity 65746K, committed 65996K, reserved 1105920K
  class space    used 8089K, capacity 8616K, committed 8704K, reserved 1048576K
}
Event: 7.981 GC heap before
{Heap before GC invocations=15 (full 0):
 garbage-first heap   total 155648K, used 116044K [0x0000000080000000, 0x0000000100000000)
  region size 1024K, 63 young (64512K), 6 survivors (6144K)
 Metaspace       used 67643K, capacity 69198K, committed 69324K, reserved 1110016K
  class space    used 8603K, capacity 9189K, committed 9216K, reserved 1048576K
}
Event: 7.988 GC heap after
{Heap after GC invocations=16 (full 0):
 garbage-first heap   total 155648K, used 62523K [0x0000000080000000, 0x0000000100000000)
  region size 1024K, 5 young (5120K), 5 survivors (5120K)
 Metaspace       used 67643K, capacity 69198K, committed 69324K, reserved 1110016K
  class space    used 8603K, capacity 9189K, committed 9216K, reserved 1048576K
}
Event: 8.591 GC heap before
{Heap before GC invocations=16 (full 0):
 garbage-first heap   total 155648K, used 118843K [0x0000000080000000, 0x0000000100000000)
  region size 1024K, 60 young (61440K), 5 survivors (5120K)
 Metaspace       used 71273K, capacity 72966K, committed 73036K, reserved 1112064K
  class space    used 9169K, capacity 9819K, committed 9856K, reserved 1048576K
}
Event: 8.599 GC heap after
{Heap after GC invocations=17 (full 0):
 garbage-first heap   total 155648K, used 66902K [0x0000000080000000, 0x0000000100000000)
  region size 1024K, 5 young (5120K), 5 survivors (5120K)
 Metaspace       used 71273K, capacity 72966K, committed 73036K, reserved 1112064K
  class space    used 9169K, capacity 9819K, committed 9856K, reserved 1048576K
}
Event: 9.311 GC heap before
{Heap before GC invocations=17 (full 0):
 garbage-first heap   total 155648K, used 122198K [0x0000000080000000, 0x0000000100000000)
  region size 1024K, 59 young (60416K), 5 survivors (5120K)
 Metaspace       used 77366K, capacity 79221K, committed 79308K, reserved 1118208K
  class space    used 10020K, capacity 10711K, committed 10752K, reserved 1048576K
}

