# JRE version: Java(TM) SE Runtime Environment 18.9 (11.0.12+8) (build 11.0.12+8-LTS-237)
# Java VM: Java HotSpot(TM) 64-Bit Server VM 18.9 (11.0.12+8-LTS-237, mixed mode, tiered, compressed oops, g1 gc, windows-amd64)
Heap:
 garbage-first heap   total 234496K, used 212050K [0x0000000080000000, 0x0000000100000000)
  region size 1024K, 6 young (6144K), 3 survivors (3072K)
 Metaspace       used 86914K, capacity 89154K, committed 89804K, reserved 1126400K
  class space    used 10987K, capacity 11773K, committed 12032K, reserved 1048576K
GC Heap History (10 events):
Event: 13.216 GC heap before
{Heap before GC invocations=25 (full 0):
 garbage-first heap   total 187392K, used 134347K [0x0000000080000000, 0x0000000100000000)
  region size 1024K, 33 young (33792K), 8 survivors (8192K)
 Metaspace       used 85333K, capacity 87513K, committed 88140K, reserved 1126400K
  class space    used 10848K, capacity 11665K, committed 11904K, reserved 1048576K
}
Event: 13.226 GC heap after
{Heap after GC invocations=26 (full 0):
 garbage-first heap   total 187392K, used 119406K [0x0000000080000000, 0x0000000100000000)
  region size 1024K, 6 young (6144K), 6 survivors (6144K)
 Metaspace       used 85333K, capacity 87513K, committed 88140K, reserved 1126400K
  class space    used 10848K, capacity 11665K, committed 11904K, reserved 1048576K
}
Event: 13.607 GC heap before
{Heap before GC invocations=27 (full 0):
 garbage-first heap   total 187392K, used 150126K [0x0000000080000000, 0x0000000100000000)
  region size 1024K, 34 young (34816K), 6 survivors (6144K)
 Metaspace       used 85341K, capacity 87513K, committed 88140K, reserved 1126400K
  class space    used 10848K, capacity 11665K, committed 11904K, reserved 1048576K
}
Event: 13.622 GC heap after
{Heap after GC invocations=28 (full 0):
 garbage-first heap   total 225280K, used 132351K [0x0000000080000000, 0x0000000100000000)
  region size 1024K, 5 young (5120K), 5 survivors (5120K)
 Metaspace       used 85341K, capacity 87513K, committed 88140K, reserved 1126400K
  class space    used 10848K, capacity 11665K, committed 11904K, reserved 1048576K
}
Event: 14.104 GC heap before
{Heap before GC invocations=28 (full 0):
 garbage-first heap   total 225280K, used 169215K [0x0000000080000000, 0x0000000100000000)
  region size 1024K, 41 young (41984K), 5 survivors (5120K)
 Metaspace       used 85352K, capacity 87513K, committed 88140K, reserved 1126400K
  class space    used 10848K, capacity 11665K, committed 11904K, reserved 1048576K
}
Event: 14.114 GC heap after
{Heap after GC invocations=29 (full 0):
 garbage-first heap   total 225280K, used 142160K [0x0000000080000000, 0x0000000100000000)
  region size 1024K, 6 young (6144K), 6 survivors (6144K)
 Metaspace       used 85352K, capacity 87513K, committed 88140K, reserved 1126400K
  class space    used 10848K, capacity 11665K, committed 11904K, reserved 1048576K
}
Event: 14.607 GC heap before
{Heap before GC invocations=30 (full 0):
 garbage-first heap   total 225280K, used 174928K [0x0000000080000000, 0x0000000100000000)
  region size 1024K, 38 young (38912K), 6 survivors (6144K)
 Metaspace       used 85810K, capacity 87992K, committed 88652K, reserved 1126400K
  class space    used 10873K, capacity 11671K, committed 11904K, reserved 1048576K
}
Event: 14.615 GC heap after
{Heap after GC invocations=31 (full 0):
 garbage-first heap   total 225280K, used 149135K [0x0000000080000000, 0x0000000100000000)
  region size 1024K, 5 young (5120K), 5 survivors (5120K)
 Metaspace       used 85810K, capacity 87992K, committed 88652K, reserved 1126400K
  class space    used 10873K, capacity 11671K, committed 11904K, reserved 1048576K
}
Event: 14.746 GC heap before
{Heap before GC invocations=31 (full 0):
 garbage-first heap   total 225280K, used 170639K [0x0000000080000000, 0x0000000100000000)
  region size 1024K, 28 young (28672K), 5 survivors (5120K)
 Metaspace       used 86818K, capacity 89054K, committed 89548K, reserved 1126400K
  class space    used 10978K, capacity 11766K, committed 12032K, reserved 1048576K
}
Event: 14.753 GC heap after
{Heap after GC invocations=32 (full 0):
 garbage-first heap   total 225280K, used 152658K [0x0000000080000000, 0x0000000100000000)
  region size 1024K, 3 young (3072K), 3 survivors (3072K)
 Metaspace       used 86818K, capacity 89054K, committed 89548K, reserved 1126400K
  class space    used 10978K, capacity 11766K, committed 12032K, reserved 1048576K
}

