# JRE version: Java(TM) SE Runtime Environment 18.9 (11.0.12+8) (build 11.0.12+8-LTS-237)
# Java VM: Java HotSpot(TM) 64-Bit Server VM 18.9 (11.0.12+8-LTS-237, mixed mode, tiered, compressed oops, g1 gc, windows-amd64)
Heap:
 garbage-first heap   total 187392K, used 97924K [0x0000000080000000, 0x0000000100000000)
  region size 1024K, 5 young (5120K), 5 survivors (5120K)
 Metaspace       used 81278K, capacity 83428K, committed 83712K, reserved 1122304K
  class space    used 10463K, capacity 11161K, committed 11264K, reserved 1048576K
GC Heap History (10 events):
Event: 8.932 GC heap before
{Heap before GC invocations=21 (full 0):
 garbage-first heap   total 155648K, used 91745K [0x0000000080000000, 0x0000000100000000)
  region size 1024K, 13 young (13312K), 6 survivors (6144K)
 Metaspace       used 70529K, capacity 72526K, committed 72704K, reserved 1112064K
  class space    used 8964K, capacity 9676K, committed 9728K, reserved 1048576K
}
Event: 8.937 GC heap after
{Heap after GC invocations=22 (full 0):
 garbage-first heap   total 155648K, used 86746K [0x0000000080000000, 0x0000000100000000)
  region size 1024K, 2 young (2048K), 2 survivors (2048K)
 Metaspace       used 70529K, capacity 72526K, committed 72704K, reserved 1112064K
  class space    used 8964K, capacity 9676K, committed 9728K, reserved 1048576K
}
Event: 9.198 GC heap before
{Heap before GC invocations=23 (full 0):
 garbage-first heap   total 155648K, used 118490K [0x0000000080000000, 0x0000000100000000)
  region size 1024K, 32 young (32768K), 2 survivors (2048K)
 Metaspace       used 71492K, capacity 73450K, committed 73600K, reserved 1114112K
  class space    used 9106K, capacity 9786K, committed 9856K, reserved 1048576K
}
Event: 9.201 GC heap after
{Heap after GC invocations=24 (full 0):
 garbage-first heap   total 155648K, used 88543K [0x0000000080000000, 0x0000000100000000)
  region size 1024K, 3 young (3072K), 3 survivors (3072K)
 Metaspace       used 71492K, capacity 73450K, committed 73600K, reserved 1114112K
  class space    used 9106K, capacity 9786K, committed 9856K, reserved 1048576K
}
Event: 9.511 GC heap before
{Heap before GC invocations=24 (full 0):
 garbage-first heap   total 155648K, used 120287K [0x0000000080000000, 0x0000000100000000)
  region size 1024K, 34 young (34816K), 3 survivors (3072K)
 Metaspace       used 73771K, capacity 75708K, committed 75904K, reserved 1116160K
  class space    used 9415K, capacity 10110K, committed 10112K, reserved 1048576K
}
Event: 9.515 GC heap after
{Heap after GC invocations=25 (full 0):
 garbage-first heap   total 155648K, used 90803K [0x0000000080000000, 0x0000000100000000)
  region size 1024K, 3 young (3072K), 3 survivors (3072K)
 Metaspace       used 73771K, capacity 75708K, committed 75904K, reserved 1116160K
  class space    used 9415K, capacity 10110K, committed 10112K, reserved 1048576K
}
Event: 9.889 GC heap before
{Heap before GC invocations=26 (full 0):
 garbage-first heap   total 155648K, used 122547K [0x0000000080000000, 0x0000000100000000)
  region size 1024K, 34 young (34816K), 3 survivors (3072K)
 Metaspace       used 77351K, capacity 79325K, committed 79616K, reserved 1118208K
  class space    used 9993K, capacity 10715K, committed 10752K, reserved 1048576K
}
Event: 9.893 GC heap after
{Heap after GC invocations=27 (full 0):
 garbage-first heap   total 155648K, used 92647K [0x0000000080000000, 0x0000000100000000)
  region size 1024K, 5 young (5120K), 5 survivors (5120K)
 Metaspace       used 77351K, capacity 79325K, committed 79616K, reserved 1118208K
  class space    used 9993K, capacity 10715K, committed 10752K, reserved 1048576K
}
Event: 10.071 GC heap before
{Heap before GC invocations=27 (full 0):
 garbage-first heap   total 155648K, used 124391K [0x0000000080000000, 0x0000000100000000)
  region size 1024K, 36 young (36864K), 5 survivors (5120K)
 Metaspace       used 78231K, capacity 80216K, committed 80256K, reserved 1118208K
  class space    used 10135K, capacity 10863K, committed 10880K, reserved 1048576K
}
Event: 10.077 GC heap after
{Heap after GC invocations=28 (full 0):
 garbage-first heap   total 155648K, used 94693K [0x0000000080000000, 0x0000000100000000)
  region size 1024K, 4 young (4096K), 4 survivors (4096K)
 Metaspace       used 78231K, capacity 80216K, committed 80256K, reserved 1118208K
  class space    used 10135K, capacity 10863K, committed 10880K, reserved 1048576K
}

