# JRE version: Java(TM) SE Runtime Environment 18.9 (11.0.12+8) (build 11.0.12+8-LTS-237)
# Java VM: Java HotSpot(TM) 64-Bit Server VM 18.9 (11.0.12+8-LTS-237, mixed mode, tiered, compressed oops, g1 gc, windows-amd64)
Heap:
 garbage-first heap   total 129024K, used 82320K [0x0000000080000000, 0x0000000100000000)
  region size 1024K, 7 young (7168K), 3 survivors (3072K)
 Metaspace       used 61463K, capacity 63132K, committed 63336K, reserved 1103872K
  class space    used 7762K, capacity 8366K, committed 8396K, reserved 1048576K
GC Heap History (10 events):
Event: 6.812 GC heap before
{Heap before GC invocations=10 (full 0):
 garbage-first heap   total 129024K, used 100076K [0x0000000080000000, 0x0000000100000000)
  region size 1024K, 51 young (52224K), 7 survivors (7168K)
 Metaspace       used 47427K, capacity 48755K, committed 49000K, reserved 1091584K
  class space    used 6078K, capacity 6553K, committed 6604K, reserved 1048576K
}
Event: 6.819 GC heap after
{Heap after GC invocations=11 (full 0):
 garbage-first heap   total 129024K, used 57584K [0x0000000080000000, 0x0000000100000000)
  region size 1024K, 3 young (3072K), 3 survivors (3072K)
 Metaspace       used 47427K, capacity 48755K, committed 49000K, reserved 1091584K
  class space    used 6078K, capacity 6553K, committed 6604K, reserved 1048576K
}
Event: 7.197 GC heap before
{Heap before GC invocations=11 (full 0):
 garbage-first heap   total 129024K, used 101616K [0x0000000080000000, 0x0000000100000000)
  region size 1024K, 46 young (47104K), 3 survivors (3072K)
 Metaspace       used 49410K, capacity 50826K, committed 51048K, reserved 1093632K
  class space    used 6329K, capacity 6812K, committed 6860K, reserved 1048576K
}
Event: 7.201 GC heap after
{Heap after GC invocations=12 (full 0):
 garbage-first heap   total 129024K, used 59159K [0x0000000080000000, 0x0000000100000000)
  region size 1024K, 5 young (5120K), 5 survivors (5120K)
 Metaspace       used 49410K, capacity 50826K, committed 51048K, reserved 1093632K
  class space    used 6329K, capacity 6812K, committed 6860K, reserved 1048576K
}
Event: 7.471 GC heap before
{Heap before GC invocations=12 (full 0):
 garbage-first heap   total 129024K, used 83735K [0x0000000080000000, 0x0000000100000000)
  region size 1024K, 29 young (29696K), 5 survivors (5120K)
 Metaspace       used 49673K, capacity 51117K, committed 51304K, reserved 1093632K
  class space    used 6336K, capacity 6818K, committed 6860K, reserved 1048576K
}
Event: 7.477 GC heap after
{Heap after GC invocations=13 (full 0):
 garbage-first heap   total 129024K, used 67236K [0x0000000080000000, 0x0000000100000000)
  region size 1024K, 6 young (6144K), 6 survivors (6144K)
 Metaspace       used 49673K, capacity 51117K, committed 51304K, reserved 1093632K
  class space    used 6336K, capacity 6818K, committed 6860K, reserved 1048576K
}
Event: 7.813 GC heap before
{Heap before GC invocations=14 (full 0):
 garbage-first heap   total 129024K, used 107172K [0x0000000080000000, 0x0000000100000000)
  region size 1024K, 41 young (41984K), 6 survivors (6144K)
 Metaspace       used 52273K, capacity 53815K, committed 53992K, reserved 1095680K
  class space    used 6678K, capacity 7203K, committed 7244K, reserved 1048576K
}
Event: 7.818 GC heap after
{Heap after GC invocations=15 (full 0):
 garbage-first heap   total 129024K, used 77062K [0x0000000080000000, 0x0000000100000000)
  region size 1024K, 5 young (5120K), 5 survivors (5120K)
 Metaspace       used 52273K, capacity 53815K, committed 53992K, reserved 1095680K
  class space    used 6678K, capacity 7203K, committed 7244K, reserved 1048576K
}
Event: 8.162 GC heap before
{Heap before GC invocations=15 (full 0):
 garbage-first heap   total 129024K, used 104710K [0x0000000080000000, 0x0000000100000000)
  region size 1024K, 33 young (33792K), 5 survivors (5120K)
 Metaspace       used 56339K, capacity 58011K, committed 58216K, reserved 1099776K
  class space    used 7173K, capacity 7770K, committed 7884K, reserved 1048576K
}
Event: 8.165 GC heap after
{Heap after GC invocations=16 (full 0):
 garbage-first heap   total 129024K, used 78258K [0x0000000080000000, 0x0000000100000000)
  region size 1024K, 2 young (2048K), 2 survivors (2048K)
 Metaspace       used 56339K, capacity 58011K, committed 58216K, reserved 1099776K
  class space    used 7173K, capacity 7770K, committed 7884K, reserved 1048576K
}

