# JRE version: OpenJDK Runtime Environment (11.0.10) (build 11.0.10+0-b96-7249189)
# Java VM: OpenJDK 64-Bit Server VM (11.0.10+0-b96-7249189, mixed mode, tiered, compressed oops, g1 gc, windows-amd64)
Heap:
 garbage-first heap   total 187392K, used 96543K [0x0000000080000000, 0x0000000100000000)
  region size 1024K, 4 young (4096K), 4 survivors (4096K)
 Metaspace       used 89444K, capacity 91987K, committed 92236K, reserved 1128448K
  class space    used 11430K, capacity 12336K, committed 12364K, reserved 1048576K
GC Heap History (20 events):
Event: 17.662 GC heap after
{Heap after GC invocations=24 (full 0):
 garbage-first heap   total 129024K, used 79587K [0x0000000080000000, 0x0000000100000000)
  region size 1024K, 2 young (2048K), 2 survivors (2048K)
 Metaspace       used 67536K, capacity 69372K, committed 69452K, reserved 1110016K
  class space    used 8561K, capacity 9221K, committed 9292K, reserved 1048576K
}
Event: 18.138 GC heap before
{Heap before GC invocations=25 (full 0):
 garbage-first heap   total 129024K, used 104163K [0x0000000080000000, 0x0000000100000000)
  region size 1024K, 27 young (27648K), 2 survivors (2048K)
 Metaspace       used 71031K, capacity 72881K, committed 73164K, reserved 1112064K
  class space    used 9163K, capacity 9814K, committed 9932K, reserved 1048576K
}
Event: 18.144 GC heap after
{Heap after GC invocations=26 (full 0):
 garbage-first heap   total 129024K, used 80806K [0x0000000080000000, 0x0000000100000000)
  region size 1024K, 3 young (3072K), 3 survivors (3072K)
 Metaspace       used 71031K, capacity 72881K, committed 73164K, reserved 1112064K
  class space    used 9163K, capacity 9814K, committed 9932K, reserved 1048576K
}
Event: 18.469 GC heap before
{Heap before GC invocations=26 (full 0):
 garbage-first heap   total 129024K, used 105382K [0x0000000080000000, 0x0000000100000000)
  region size 1024K, 28 young (28672K), 3 survivors (3072K)
 Metaspace       used 72936K, capacity 74968K, committed 75212K, reserved 1114112K
  class space    used 9427K, capacity 10123K, committed 10188K, reserved 1048576K
}
Event: 18.475 GC heap after
{Heap after GC invocations=27 (full 0):
 garbage-first heap   total 129024K, used 81993K [0x0000000080000000, 0x0000000100000000)
  region size 1024K, 3 young (3072K), 3 survivors (3072K)
 Metaspace       used 72936K, capacity 74968K, committed 75212K, reserved 1114112K
  class space    used 9427K, capacity 10123K, committed 10188K, reserved 1048576K
}
Event: 18.864 GC heap before
{Heap before GC invocations=28 (full 0):
 garbage-first heap   total 129024K, used 105545K [0x0000000080000000, 0x0000000100000000)
  region size 1024K, 27 young (27648K), 3 survivors (3072K)
 Metaspace       used 75545K, capacity 77598K, committed 77772K, reserved 1116160K
  class space    used 9698K, capacity 10354K, committed 10444K, reserved 1048576K
}
Event: 18.873 GC heap after
{Heap after GC invocations=29 (full 0):
 garbage-first heap   total 129024K, used 84941K [0x0000000080000000, 0x0000000100000000)
  region size 1024K, 4 young (4096K), 4 survivors (4096K)
 Metaspace       used 75545K, capacity 77598K, committed 77772K, reserved 1116160K
  class space    used 9698K, capacity 10354K, committed 10444K, reserved 1048576K
}
Event: 19.302 GC heap before
{Heap before GC invocations=29 (full 0):
 garbage-first heap   total 129024K, used 108493K [0x0000000080000000, 0x0000000100000000)
  region size 1024K, 27 young (27648K), 4 survivors (4096K)
 Metaspace       used 77165K, capacity 79211K, committed 79308K, reserved 1118208K
  class space    used 9903K, capacity 10608K, committed 10700K, reserved 1048576K
}
Event: 19.309 GC heap after
{Heap after GC invocations=30 (full 0):
 garbage-first heap   total 129024K, used 86798K [0x0000000080000000, 0x0000000100000000)
  region size 1024K, 2 young (2048K), 2 survivors (2048K)
 Metaspace       used 77165K, capacity 79211K, committed 79308K, reserved 1118208K
  class space    used 9903K, capacity 10608K, committed 10700K, reserved 1048576K
}
Event: 19.547 GC heap before
{Heap before GC invocations=31 (full 0):
 garbage-first heap   total 129024K, used 109326K [0x0000000080000000, 0x0000000100000000)
  region size 1024K, 24 young (24576K), 2 survivors (2048K)
 Metaspace       used 78132K, capacity 80235K, committed 80460K, reserved 1118208K
  class space    used 10038K, capacity 10797K, committed 10828K, reserved 1048576K
}
Event: 19.551 GC heap after
{Heap after GC invocations=32 (full 0):
 garbage-first heap   total 129024K, used 88144K [0x0000000080000000, 0x0000000100000000)
  region size 1024K, 3 young (3072K), 3 survivors (3072K)
 Metaspace       used 78132K, capacity 80235K, committed 80460K, reserved 1118208K
  class space    used 10038K, capacity 10797K, committed 10828K, reserved 1048576K
}
Event: 19.698 GC heap before
{Heap before GC invocations=32 (full 0):
 garbage-first heap   total 129024K, used 100432K [0x0000000080000000, 0x0000000100000000)
  region size 1024K, 17 young (17408K), 3 survivors (3072K)
 Metaspace       used 79229K, capacity 81432K, committed 81612K, reserved 1120256K
  class space    used 10157K, capacity 10875K, committed 10956K, reserved 1048576K
}
Event: 19.704 GC heap after
{Heap after GC invocations=33 (full 0):
 garbage-first heap   total 155648K, used 90066K [0x0000000080000000, 0x0000000100000000)
  region size 1024K, 3 young (3072K), 3 survivors (3072K)
 Metaspace       used 79229K, capacity 81432K, committed 81612K, reserved 1120256K
  class space    used 10157K, capacity 10875K, committed 10956K, reserved 1048576K
}
Event: 20.207 GC heap before
{Heap before GC invocations=34 (full 0):
 garbage-first heap   total 155648K, used 117714K [0x0000000080000000, 0x0000000100000000)
  region size 1024K, 29 young (29696K), 3 survivors (3072K)
 Metaspace       used 82852K, capacity 85097K, committed 85452K, reserved 1124352K
  class space    used 10599K, capacity 11342K, committed 11468K, reserved 1048576K
}
Event: 20.213 GC heap after
{Heap after GC invocations=35 (full 0):
 garbage-first heap   total 155648K, used 90696K [0x0000000080000000, 0x0000000100000000)
  region size 1024K, 3 young (3072K), 3 survivors (3072K)
 Metaspace       used 82852K, capacity 85097K, committed 85452K, reserved 1124352K
  class space    used 10599K, capacity 11342K, committed 11468K, reserved 1048576K
}
Event: 20.691 GC heap before
{Heap before GC invocations=35 (full 0):
 garbage-first heap   total 155648K, used 118344K [0x0000000080000000, 0x0000000100000000)
  region size 1024K, 30 young (30720K), 3 survivors (3072K)
 Metaspace       used 86745K, capacity 89003K, committed 89164K, reserved 1126400K
  class space    used 11059K, capacity 11804K, committed 11852K, reserved 1048576K
}
Event: 20.698 GC heap after
{Heap after GC invocations=36 (full 0):
 garbage-first heap   total 155648K, used 92588K [0x0000000080000000, 0x0000000100000000)
  region size 1024K, 3 young (3072K), 3 survivors (3072K)
 Metaspace       used 86745K, capacity 89003K, committed 89164K, reserved 1126400K
  class space    used 11059K, capacity 11804K, committed 11852K, reserved 1048576K
}
Event: 21.738 GC heap before
{Heap before GC invocations=37 (full 0):
 garbage-first heap   total 155648K, used 121260K [0x0000000080000000, 0x0000000100000000)
  region size 1024K, 31 young (31744K), 3 survivors (3072K)
 Metaspace       used 88413K, capacity 90737K, committed 90956K, reserved 1128448K
  class space    used 11227K, capacity 12046K, committed 12108K, reserved 1048576K
}
Event: 21.744 GC heap after
{Heap after GC invocations=38 (full 0):
 garbage-first heap   total 155648K, used 94388K [0x0000000080000000, 0x0000000100000000)
  region size 1024K, 4 young (4096K), 4 survivors (4096K)
 Metaspace       used 88413K, capacity 90737K, committed 90956K, reserved 1128448K
  class space    used 11227K, capacity 12046K, committed 12108K, reserved 1048576K
}
Event: 22.146 GC heap before
{Heap before GC invocations=38 (full 0):
 garbage-first heap   total 155648K, used 122036K [0x0000000080000000, 0x0000000100000000)
  region size 1024K, 32 young (32768K), 4 survivors (4096K)
 Metaspace       used 89444K, capacity 91987K, committed 92236K, reserved 1128448K
  class space    used 11430K, capacity 12336K, committed 12364K, reserved 1048576K
}

