# JRE version: Java(TM) SE Runtime Environment 18.9 (11.0.12+8) (build 11.0.12+8-LTS-237)
# Java VM: Java HotSpot(TM) 64-Bit Server VM 18.9 (11.0.12+8-LTS-237, mixed mode, tiered, compressed oops, g1 gc, windows-amd64)
Heap:
 garbage-first heap   total 129024K, used 79059K [0x0000000080000000, 0x0000000100000000)
  region size 1024K, 13 young (13312K), 6 survivors (6144K)
 Metaspace       used 49702K, capacity 51154K, committed 51456K, reserved 1093632K
  class space    used 6339K, capacity 6832K, committed 6912K, reserved 1048576K
GC Heap History (10 events):
Event: 4.888 GC heap before
{Heap before GC invocations=8 (full 0):
 garbage-first heap   total 129024K, used 89578K [0x0000000080000000, 0x0000000100000000)
  region size 1024K, 55 young (56320K), 5 survivors (5120K)
 Metaspace       used 40404K, capacity 41424K, committed 41728K, reserved 1085440K
  class space    used 5175K, capacity 5565K, committed 5632K, reserved 1048576K
}
Event: 4.895 GC heap after
{Heap after GC invocations=9 (full 0):
 garbage-first heap   total 129024K, used 40927K [0x0000000080000000, 0x0000000100000000)
  region size 1024K, 6 young (6144K), 6 survivors (6144K)
 Metaspace       used 40404K, capacity 41424K, committed 41728K, reserved 1085440K
  class space    used 5175K, capacity 5565K, committed 5632K, reserved 1048576K
}
Event: 5.423 GC heap before
{Heap before GC invocations=10 (full 0):
 garbage-first heap   total 129024K, used 98271K [0x0000000080000000, 0x0000000100000000)
  region size 1024K, 55 young (56320K), 6 survivors (6144K)
 Metaspace       used 43457K, capacity 44654K, committed 44800K, reserved 1087488K
  class space    used 5572K, capacity 6037K, committed 6144K, reserved 1048576K
}
Event: 5.431 GC heap after
{Heap after GC invocations=11 (full 0):
 garbage-first heap   total 129024K, used 53475K [0x0000000080000000, 0x0000000100000000)
  region size 1024K, 6 young (6144K), 6 survivors (6144K)
 Metaspace       used 43457K, capacity 44654K, committed 44800K, reserved 1087488K
  class space    used 5572K, capacity 6037K, committed 6144K, reserved 1048576K
}
Event: 5.803 GC heap before
{Heap before GC invocations=11 (full 0):
 garbage-first heap   total 129024K, used 96483K [0x0000000080000000, 0x0000000100000000)
  region size 1024K, 47 young (48128K), 6 survivors (6144K)
 Metaspace       used 46691K, capacity 47914K, committed 48256K, reserved 1091584K
  class space    used 5951K, capacity 6401K, committed 6528K, reserved 1048576K
}
Event: 5.808 GC heap after
{Heap after GC invocations=12 (full 0):
 garbage-first heap   total 129024K, used 55887K [0x0000000080000000, 0x0000000100000000)
  region size 1024K, 3 young (3072K), 3 survivors (3072K)
 Metaspace       used 46691K, capacity 47914K, committed 48256K, reserved 1091584K
  class space    used 5951K, capacity 6401K, committed 6528K, reserved 1048576K
}
Event: 6.132 GC heap before
{Heap before GC invocations=12 (full 0):
 garbage-first heap   total 129024K, used 98895K [0x0000000080000000, 0x0000000100000000)
  region size 1024K, 45 young (46080K), 3 survivors (3072K)
 Metaspace       used 48755K, capacity 50105K, committed 50304K, reserved 1093632K
  class space    used 6260K, capacity 6704K, committed 6784K, reserved 1048576K
}
Event: 6.135 GC heap after
{Heap after GC invocations=13 (full 0):
 garbage-first heap   total 129024K, used 57707K [0x0000000080000000, 0x0000000100000000)
  region size 1024K, 5 young (5120K), 5 survivors (5120K)
 Metaspace       used 48755K, capacity 50105K, committed 50304K, reserved 1093632K
  class space    used 6260K, capacity 6704K, committed 6784K, reserved 1048576K
}
Event: 6.619 GC heap before
{Heap before GC invocations=13 (full 0):
 garbage-first heap   total 129024K, used 101739K [0x0000000080000000, 0x0000000100000000)
  region size 1024K, 45 young (46080K), 5 survivors (5120K)
 Metaspace       used 49664K, capacity 51040K, committed 51200K, reserved 1093632K
  class space    used 6332K, capacity 6794K, committed 6912K, reserved 1048576K
}
Event: 6.626 GC heap after
{Heap after GC invocations=14 (full 0):
 garbage-first heap   total 129024K, used 70867K [0x0000000080000000, 0x0000000100000000)
  region size 1024K, 6 young (6144K), 6 survivors (6144K)
 Metaspace       used 49664K, capacity 51040K, committed 51200K, reserved 1093632K
  class space    used 6332K, capacity 6794K, committed 6912K, reserved 1048576K
}

