# JRE version: Java(TM) SE Runtime Environment 18.9 (11.0.12+8) (build 11.0.12+8-LTS-237)
# Java VM: Java HotSpot(TM) 64-Bit Server VM 18.9 (11.0.12+8-LTS-237, mixed mode, tiered, compressed oops, g1 gc, windows-amd64)
Heap:
 garbage-first heap   total 225280K, used 162943K [0x0000000080000000, 0x0000000100000000)
  region size 1024K, 2 young (2048K), 2 survivors (2048K)
 Metaspace       used 104819K, capacity 107746K, committed 107980K, reserved 1142784K
  class space    used 12943K, capacity 14070K, committed 14080K, reserved 1048576K
GC Heap History (10 events):
Event: 135.609 GC heap after
{Heap after GC invocations=74 (full 0):
 garbage-first heap   total 187392K, used 149805K [0x0000000080000000, 0x0000000100000000)
  region size 1024K, 1 young (1024K), 1 survivors (1024K)
 Metaspace       used 101617K, capacity 104310K, committed 104652K, reserved 1140736K
  class space    used 12459K, capacity 13476K, committed 13568K, reserved 1048576K
}
Event: 135.825 GC heap before
{Heap before GC invocations=74 (full 0):
 garbage-first heap   total 187392K, used 161069K [0x0000000080000000, 0x0000000100000000)
  region size 1024K, 13 young (13312K), 1 survivors (1024K)
 Metaspace       used 103766K, capacity 106663K, committed 106828K, reserved 1142784K
  class space    used 12796K, capacity 13895K, committed 13952K, reserved 1048576K
}
Event: 135.828 GC heap after
{Heap after GC invocations=75 (full 0):
 garbage-first heap   total 187392K, used 151296K [0x0000000080000000, 0x0000000100000000)
  region size 1024K, 2 young (2048K), 2 survivors (2048K)
 Metaspace       used 103766K, capacity 106663K, committed 106828K, reserved 1142784K
  class space    used 12796K, capacity 13895K, committed 13952K, reserved 1048576K
}
Event: 135.911 GC heap before
{Heap before GC invocations=75 (full 0):
 garbage-first heap   total 187392K, used 161536K [0x0000000080000000, 0x0000000100000000)
  region size 1024K, 13 young (13312K), 2 survivors (2048K)
 Metaspace       used 104327K, capacity 107261K, committed 107468K, reserved 1142784K
  class space    used 12879K, capacity 13994K, committed 14080K, reserved 1048576K
}
Event: 135.917 GC heap after
{Heap after GC invocations=76 (full 0):
 garbage-first heap   total 187392K, used 154836K [0x0000000080000000, 0x0000000100000000)
  region size 1024K, 2 young (2048K), 2 survivors (2048K)
 Metaspace       used 104327K, capacity 107261K, committed 107468K, reserved 1142784K
  class space    used 12879K, capacity 13994K, committed 14080K, reserved 1048576K
}
Event: 135.960 GC heap before
{Heap before GC invocations=76 (full 0):
 garbage-first heap   total 187392K, used 160980K [0x0000000080000000, 0x0000000100000000)
  region size 1024K, 9 young (9216K), 2 survivors (2048K)
 Metaspace       used 104485K, capacity 107390K, committed 107724K, reserved 1142784K
  class space    used 12890K, capacity 13994K, committed 14080K, reserved 1048576K
}
Event: 135.968 GC heap after
{Heap after GC invocations=77 (full 0):
 garbage-first heap   total 187392K, used 157696K [0x0000000080000000, 0x0000000100000000)
  region size 1024K, 2 young (2048K), 2 survivors (2048K)
 Metaspace       used 104485K, capacity 107390K, committed 107724K, reserved 1142784K
  class space    used 12890K, capacity 13994K, committed 14080K, reserved 1048576K
}
Event: 136.043 GC heap before
{Heap before GC invocations=77 (full 0):
 garbage-first heap   total 187392K, used 164864K [0x0000000080000000, 0x0000000100000000)
  region size 1024K, 9 young (9216K), 2 survivors (2048K)
 Metaspace       used 104809K, capacity 107746K, committed 107980K, reserved 1142784K
  class space    used 12943K, capacity 14070K, committed 14080K, reserved 1048576K
}
Event: 136.049 GC heap after
{Heap after GC invocations=78 (full 0):
 garbage-first heap   total 187392K, used 160480K [0x0000000080000000, 0x0000000100000000)
  region size 1024K, 2 young (2048K), 2 survivors (2048K)
 Metaspace       used 104809K, capacity 107746K, committed 107980K, reserved 1142784K
  class space    used 12943K, capacity 14070K, committed 14080K, reserved 1048576K
}
Event: 136.083 GC heap before
{Heap before GC invocations=78 (full 0):
 garbage-first heap   total 187392K, used 167648K [0x0000000080000000, 0x0000000100000000)
  region size 1024K, 9 young (9216K), 2 survivors (2048K)
 Metaspace       used 104819K, capacity 107746K, committed 107980K, reserved 1142784K
  class space    used 12943K, capacity 14070K, committed 14080K, reserved 1048576K
}

