# JRE version: OpenJDK Runtime Environment (11.0.10) (build 11.0.10+0-b96-7249189)
# Java VM: OpenJDK 64-Bit Server VM (11.0.10+0-b96-7249189, mixed mode, tiered, compressed oops, g1 gc, windows-amd64)
Heap:
 garbage-first heap   total 129024K, used 33651K [0x0000000080000000, 0x0000000100000000)
  region size 1024K, 8 young (8192K), 6 survivors (6144K)
 Metaspace       used 27776K, capacity 28561K, committed 28928K, reserved 1079296K
  class space    used 3696K, capacity 3970K, committed 4096K, reserved 1048576K
GC Heap History (8 events):
Event: 1.007 GC heap before
{Heap before GC invocations=0 (full 0):
 garbage-first heap   total 129024K, used 29696K [0x0000000080000000, 0x0000000100000000)
  region size 1024K, 24 young (24576K), 0 survivors (0K)
 Metaspace       used 9822K, capacity 10054K, committed 10112K, reserved 1058816K
  class space    used 1024K, capacity 1102K, committed 1152K, reserved 1048576K
}
Event: 1.014 GC heap after
{Heap after GC invocations=1 (full 0):
 garbage-first heap   total 129024K, used 8995K [0x0000000080000000, 0x0000000100000000)
  region size 1024K, 3 young (3072K), 3 survivors (3072K)
 Metaspace       used 9822K, capacity 10054K, committed 10112K, reserved 1058816K
  class space    used 1024K, capacity 1102K, committed 1152K, reserved 1048576K
}
Event: 5.471 GC heap before
{Heap before GC invocations=1 (full 0):
 garbage-first heap   total 129024K, used 82723K [0x0000000080000000, 0x0000000100000000)
  region size 1024K, 75 young (76800K), 3 survivors (3072K)
 Metaspace       used 17828K, capacity 18293K, committed 18432K, reserved 1064960K
  class space    used 2103K, capacity 2265K, committed 2304K, reserved 1048576K
}
Event: 5.478 GC heap after
{Heap after GC invocations=2 (full 0):
 garbage-first heap   total 129024K, used 15727K [0x0000000080000000, 0x0000000100000000)
  region size 1024K, 10 young (10240K), 10 survivors (10240K)
 Metaspace       used 17828K, capacity 18293K, committed 18432K, reserved 1064960K
  class space    used 2103K, capacity 2265K, committed 2304K, reserved 1048576K
}
Event: 5.755 GC heap before
{Heap before GC invocations=2 (full 0):
 garbage-first heap   total 129024K, used 39279K [0x0000000080000000, 0x0000000100000000)
  region size 1024K, 35 young (35840K), 10 survivors (10240K)
 Metaspace       used 20660K, capacity 21082K, committed 21248K, reserved 1067008K
  class space    used 2531K, capacity 2705K, committed 2816K, reserved 1048576K
}
Event: 5.763 GC heap after
{Heap after GC invocations=3 (full 0):
 garbage-first heap   total 129024K, used 16898K [0x0000000080000000, 0x0000000100000000)
  region size 1024K, 2 young (2048K), 2 survivors (2048K)
 Metaspace       used 20660K, capacity 21082K, committed 21248K, reserved 1067008K
  class space    used 2531K, capacity 2705K, committed 2816K, reserved 1048576K
}
Event: 6.417 GC heap before
{Heap before GC invocations=4 (full 0):
 garbage-first heap   total 129024K, used 78338K [0x0000000080000000, 0x0000000100000000)
  region size 1024K, 57 young (58368K), 2 survivors (2048K)
 Metaspace       used 26324K, capacity 27042K, committed 27392K, reserved 1073152K
  class space    used 3454K, capacity 3718K, committed 3840K, reserved 1048576K
}
Event: 6.421 GC heap after
{Heap after GC invocations=5 (full 0):
 garbage-first heap   total 129024K, used 25196K [0x0000000080000000, 0x0000000100000000)
  region size 1024K, 5 young (5120K), 5 survivors (5120K)
 Metaspace       used 26324K, capacity 27042K, committed 27392K, reserved 1073152K
  class space    used 3454K, capacity 3718K, committed 3840K, reserved 1048576K
}

