# JRE version: Java(TM) SE Runtime Environment 18.9 (11.0.12+8) (build 11.0.12+8-LTS-237)
# Java VM: Java HotSpot(TM) 64-Bit Server VM 18.9 (11.0.12+8-LTS-237, mixed mode, tiered, compressed oops, g1 gc, windows-amd64)
Heap:
 garbage-first heap   total 1031168K, used 323584K [0x0000000080000000, 0x0000000100000000)
  region size 1024K, 6 young (6144K), 6 survivors (6144K)
 Metaspace       used 94113K, capacity 96423K, committed 96588K, reserved 1132544K
  class space    used 12228K, capacity 13103K, committed 13184K, reserved 1048576K
GC Heap History (10 events):
Event: 13.845 GC heap after
{Heap after GC invocations=36 (full 0):
 garbage-first heap   total 277504K, used 222497K [0x0000000080000000, 0x0000000100000000)
  region size 1024K, 2 young (2048K), 2 survivors (2048K)
 Metaspace       used 91799K, capacity 94025K, committed 94412K, reserved 1130496K
  class space    used 11754K, capacity 12580K, committed 12800K, reserved 1048576K
}
Event: 13.894 GC heap before
{Heap before GC invocations=36 (full 0):
 garbage-first heap   total 277504K, used 233761K [0x0000000080000000, 0x0000000100000000)
  region size 1024K, 13 young (13312K), 2 survivors (2048K)
 Metaspace       used 91799K, capacity 94025K, committed 94412K, reserved 1130496K
  class space    used 11754K, capacity 12580K, committed 12800K, reserved 1048576K
}
Event: 14.029 GC heap after
{Heap after GC invocations=37 (full 0):
 garbage-first heap   total 428032K, used 228346K [0x0000000080000000, 0x0000000100000000)
  region size 1024K, 2 young (2048K), 2 survivors (2048K)
 Metaspace       used 91799K, capacity 94025K, committed 94412K, reserved 1130496K
  class space    used 11754K, capacity 12580K, committed 12800K, reserved 1048576K
}
Event: 14.482 GC heap before
{Heap before GC invocations=38 (full 0):
 garbage-first heap   total 428032K, used 285690K [0x0000000080000000, 0x0000000100000000)
  region size 1024K, 60 young (61440K), 2 survivors (2048K)
 Metaspace       used 94059K, capacity 96327K, committed 96588K, reserved 1132544K
  class space    used 12226K, capacity 13071K, committed 13184K, reserved 1048576K
}
Event: 14.520 GC heap after
{Heap after GC invocations=39 (full 0):
 garbage-first heap   total 428032K, used 253839K [0x0000000080000000, 0x0000000100000000)
  region size 1024K, 8 young (8192K), 8 survivors (8192K)
 Metaspace       used 94059K, capacity 96327K, committed 96588K, reserved 1132544K
  class space    used 12226K, capacity 13071K, committed 13184K, reserved 1048576K
}
Event: 14.694 GC heap before
{Heap before GC invocations=39 (full 0):
 garbage-first heap   total 428032K, used 306063K [0x0000000080000000, 0x0000000100000000)
  region size 1024K, 59 young (60416K), 8 survivors (8192K)
 Metaspace       used 94102K, capacity 96391K, committed 96588K, reserved 1132544K
  class space    used 12226K, capacity 13071K, committed 13184K, reserved 1048576K
}
Event: 14.746 GC heap after
{Heap after GC invocations=40 (full 0):
 garbage-first heap   total 428032K, used 281400K [0x0000000080000000, 0x0000000100000000)
  region size 1024K, 8 young (8192K), 8 survivors (8192K)
 Metaspace       used 94102K, capacity 96391K, committed 96588K, reserved 1132544K
  class space    used 12226K, capacity 13071K, committed 13184K, reserved 1048576K
}
Event: 14.946 GC heap before
{Heap before GC invocations=40 (full 0):
 garbage-first heap   total 428032K, used 324408K [0x0000000080000000, 0x0000000100000000)
  region size 1024K, 50 young (51200K), 8 survivors (8192K)
 Metaspace       used 94106K, capacity 96423K, committed 96588K, reserved 1132544K
  class space    used 12228K, capacity 13103K, committed 13184K, reserved 1048576K
}
Event: 14.976 GC heap after
{Heap after GC invocations=41 (full 0):
 garbage-first heap   total 428032K, used 304128K [0x0000000080000000, 0x0000000100000000)
  region size 1024K, 7 young (7168K), 7 survivors (7168K)
 Metaspace       used 94106K, capacity 96423K, committed 96588K, reserved 1132544K
  class space    used 12228K, capacity 13103K, committed 13184K, reserved 1048576K
}
Event: 15.099 GC heap before
{Heap before GC invocations=41 (full 0):
 garbage-first heap   total 428032K, used 337920K [0x0000000080000000, 0x0000000100000000)
  region size 1024K, 41 young (41984K), 7 survivors (7168K)
 Metaspace       used 94113K, capacity 96423K, committed 96588K, reserved 1132544K
  class space    used 12228K, capacity 13103K, committed 13184K, reserved 1048576K
}

