# JRE version: Java(TM) SE Runtime Environment 18.9 (11.0.12+8) (build 11.0.12+8-LTS-237)
# Java VM: Java HotSpot(TM) 64-Bit Server VM 18.9 (11.0.12+8-LTS-237, mixed mode, tiered, compressed oops, g1 gc, windows-amd64)
Heap:
 garbage-first heap   total 129024K, used 57490K [0x0000000080000000, 0x0000000100000000)
  region size 1024K, 20 young (20480K), 10 survivors (10240K)
 Metaspace       used 47616K, capacity 48883K, committed 49152K, reserved 1091584K
  class space    used 6077K, capacity 6539K, committed 6656K, reserved 1048576K
GC Heap History (10 events):
Event: 3.355 GC heap before
{Heap before GC invocations=4 (full 0):
 garbage-first heap   total 129024K, used 78671K [0x0000000080000000, 0x0000000100000000)
  region size 1024K, 62 young (63488K), 2 survivors (2048K)
 Metaspace       used 26388K, capacity 26939K, committed 27008K, reserved 1073152K
  class space    used 3460K, capacity 3695K, committed 3712K, reserved 1048576K
}
Event: 3.358 GC heap after
{Heap after GC invocations=5 (full 0):
 garbage-first heap   total 129024K, used 19241K [0x0000000080000000, 0x0000000100000000)
  region size 1024K, 4 young (4096K), 4 survivors (4096K)
 Metaspace       used 26388K, capacity 26939K, committed 27008K, reserved 1073152K
  class space    used 3460K, capacity 3695K, committed 3712K, reserved 1048576K
}
Event: 3.980 GC heap before
{Heap before GC invocations=5 (full 0):
 garbage-first heap   total 129024K, used 68393K [0x0000000080000000, 0x0000000100000000)
  region size 1024K, 54 young (55296K), 4 survivors (4096K)
 Metaspace       used 35045K, capacity 35774K, committed 35840K, reserved 1081344K
  class space    used 4526K, capacity 4811K, committed 4864K, reserved 1048576K
}
Event: 3.986 GC heap after
{Heap after GC invocations=6 (full 0):
 garbage-first heap   total 129024K, used 22621K [0x0000000080000000, 0x0000000100000000)
  region size 1024K, 7 young (7168K), 7 survivors (7168K)
 Metaspace       used 35045K, capacity 35774K, committed 35840K, reserved 1081344K
  class space    used 4526K, capacity 4811K, committed 4864K, reserved 1048576K
}
Event: 4.652 GC heap before
{Heap before GC invocations=7 (full 0):
 garbage-first heap   total 129024K, used 94301K [0x0000000080000000, 0x0000000100000000)
  region size 1024K, 74 young (75776K), 7 survivors (7168K)
 Metaspace       used 41614K, capacity 42519K, committed 42880K, reserved 1087488K
  class space    used 5271K, capacity 5639K, committed 5760K, reserved 1048576K
}
Event: 4.659 GC heap after
{Heap after GC invocations=8 (full 0):
 garbage-first heap   total 129024K, used 27671K [0x0000000080000000, 0x0000000100000000)
  region size 1024K, 9 young (9216K), 9 survivors (9216K)
 Metaspace       used 41614K, capacity 42519K, committed 42880K, reserved 1087488K
  class space    used 5271K, capacity 5639K, committed 5760K, reserved 1048576K
}
Event: 5.215 GC heap before
{Heap before GC invocations=8 (full 0):
 garbage-first heap   total 129024K, used 94231K [0x0000000080000000, 0x0000000100000000)
  region size 1024K, 74 young (75776K), 9 survivors (9216K)
 Metaspace       used 45564K, capacity 46692K, committed 46976K, reserved 1089536K
  class space    used 5842K, capacity 6243K, committed 6272K, reserved 1048576K
}
Event: 5.222 GC heap after
{Heap after GC invocations=9 (full 0):
 garbage-first heap   total 129024K, used 29462K [0x0000000080000000, 0x0000000100000000)
  region size 1024K, 7 young (7168K), 7 survivors (7168K)
 Metaspace       used 45564K, capacity 46692K, committed 46976K, reserved 1089536K
  class space    used 5842K, capacity 6243K, committed 6272K, reserved 1048576K
}
Event: 5.990 GC heap before
{Heap before GC invocations=9 (full 0):
 garbage-first heap   total 129024K, used 103190K [0x0000000080000000, 0x0000000100000000)
  region size 1024K, 73 young (74752K), 7 survivors (7168K)
 Metaspace       used 47240K, capacity 48544K, committed 48768K, reserved 1091584K
  class space    used 6020K, capacity 6472K, committed 6528K, reserved 1048576K
}
Event: 6.002 GC heap after
{Heap after GC invocations=10 (full 0):
 garbage-first heap   total 129024K, used 48274K [0x0000000080000000, 0x0000000100000000)
  region size 1024K, 10 young (10240K), 10 survivors (10240K)
 Metaspace       used 47240K, capacity 48544K, committed 48768K, reserved 1091584K
  class space    used 6020K, capacity 6472K, committed 6528K, reserved 1048576K
}

