# JRE version: Java(TM) SE Runtime Environment 18.9 (11.0.12+8) (build 11.0.12+8-LTS-237)
# Java VM: Java HotSpot(TM) 64-Bit Server VM 18.9 (11.0.12+8-LTS-237, mixed mode, tiered, compressed oops, g1 gc, windows-amd64)
Heap:
 garbage-first heap   total 129024K, used 89480K [0x0000000080000000, 0x0000000100000000)
  region size 1024K, 41 young (41984K), 2 survivors (2048K)
 Metaspace       used 64698K, capacity 66336K, committed 66508K, reserved 1107968K
  class space    used 8179K, capacity 8784K, committed 8908K, reserved 1048576K
GC Heap History (10 events):
Event: 18.182 GC heap before
{Heap before GC invocations=9 (full 0):
 garbage-first heap   total 129024K, used 90740K [0x0000000080000000, 0x0000000100000000)
  region size 1024K, 64 young (65536K), 4 survivors (4096K)
 Metaspace       used 49640K, capacity 50765K, committed 50944K, reserved 1093632K
  class space    used 6421K, capacity 6840K, committed 6912K, reserved 1048576K
}
Event: 18.189 GC heap after
{Heap after GC invocations=10 (full 0):
 garbage-first heap   total 129024K, used 32293K [0x0000000080000000, 0x0000000100000000)
  region size 1024K, 7 young (7168K), 7 survivors (7168K)
 Metaspace       used 49640K, capacity 50765K, committed 50944K, reserved 1093632K
  class space    used 6421K, capacity 6840K, committed 6912K, reserved 1048576K
}
Event: 24.789 GC heap before
{Heap before GC invocations=10 (full 0):
 garbage-first heap   total 129024K, used 97829K [0x0000000080000000, 0x0000000100000000)
  region size 1024K, 67 young (68608K), 7 survivors (7168K)
 Metaspace       used 52069K, capacity 53352K, committed 53504K, reserved 1095680K
  class space    used 6693K, capacity 7162K, committed 7168K, reserved 1048576K
}
Event: 24.799 GC heap after
{Heap after GC invocations=11 (full 0):
 garbage-first heap   total 129024K, used 44955K [0x0000000080000000, 0x0000000100000000)
  region size 1024K, 9 young (9216K), 9 survivors (9216K)
 Metaspace       used 52069K, capacity 53352K, committed 53504K, reserved 1095680K
  class space    used 6693K, capacity 7162K, committed 7168K, reserved 1048576K
}
Event: 26.156 GC heap before
{Heap before GC invocations=11 (full 0):
 garbage-first heap   total 129024K, used 97179K [0x0000000080000000, 0x0000000100000000)
  region size 1024K, 60 young (61440K), 9 survivors (9216K)
 Metaspace       used 53634K, capacity 55108K, committed 55296K, reserved 1097728K
  class space    used 6885K, capacity 7411K, committed 7424K, reserved 1048576K
}
Event: 26.167 GC heap after
{Heap after GC invocations=12 (full 0):
 garbage-first heap   total 129024K, used 49782K [0x0000000080000000, 0x0000000100000000)
  region size 1024K, 5 young (5120K), 5 survivors (5120K)
 Metaspace       used 53634K, capacity 55108K, committed 55296K, reserved 1097728K
  class space    used 6885K, capacity 7411K, committed 7424K, reserved 1048576K
}
Event: 27.076 GC heap before
{Heap before GC invocations=12 (full 0):
 garbage-first heap   total 129024K, used 97910K [0x0000000080000000, 0x0000000100000000)
  region size 1024K, 52 young (53248K), 5 survivors (5120K)
 Metaspace       used 54120K, capacity 55780K, committed 55936K, reserved 1097728K
  class space    used 6920K, capacity 7529K, committed 7552K, reserved 1048576K
}
Event: 27.081 GC heap after
{Heap after GC invocations=13 (full 0):
 garbage-first heap   total 129024K, used 50065K [0x0000000080000000, 0x0000000100000000)
  region size 1024K, 1 young (1024K), 1 survivors (1024K)
 Metaspace       used 54120K, capacity 55780K, committed 55936K, reserved 1097728K
  class space    used 6920K, capacity 7529K, committed 7552K, reserved 1048576K
}
Event: 28.135 GC heap before
{Heap before GC invocations=13 (full 0):
 garbage-first heap   total 129024K, used 81809K [0x0000000080000000, 0x0000000100000000)
  region size 1024K, 33 young (33792K), 1 survivors (1024K)
 Metaspace       used 58456K, capacity 60098K, committed 60160K, reserved 1101824K
  class space    used 7462K, capacity 8030K, committed 8064K, reserved 1048576K
}
Event: 28.140 GC heap after
{Heap after GC invocations=14 (full 0):
 garbage-first heap   total 129024K, used 50568K [0x0000000080000000, 0x0000000100000000)
  region size 1024K, 2 young (2048K), 2 survivors (2048K)
 Metaspace       used 58456K, capacity 60098K, committed 60160K, reserved 1101824K
  class space    used 7462K, capacity 8030K, committed 8064K, reserved 1048576K
}

