# JRE version: OpenJDK Runtime Environment (11.0.10) (build 11.0.10+0-b96-7249189)
# Java VM: OpenJDK 64-Bit Server VM (11.0.10+0-b96-7249189, mixed mode, tiered, compressed oops, g1 gc, windows-amd64)
Heap:
 garbage-first heap   total 155648K, used 97367K [0x0000000080000000, 0x0000000100000000)
  region size 1024K, 43 young (44032K), 7 survivors (7168K)
 Metaspace       used 49671K, capacity 51265K, committed 51456K, reserved 1093632K
  class space    used 6357K, capacity 6871K, committed 6912K, reserved 1048576K
GC Heap History (20 events):
Event: 1.303 GC heap before
{Heap before GC invocations=1 (full 0):
 garbage-first heap   total 129024K, used 31840K [0x0000000080000000, 0x0000000100000000)
  region size 1024K, 25 young (25600K), 3 survivors (3072K)
 Metaspace       used 10746K, capacity 11011K, committed 11264K, reserved 1058816K
  class space    used 1125K, capacity 1206K, committed 1280K, reserved 1048576K
}
Event: 1.307 GC heap after
{Heap after GC invocations=2 (full 0):
 garbage-first heap   total 129024K, used 10216K [0x0000000080000000, 0x0000000100000000)
  region size 1024K, 1 young (1024K), 1 survivors (1024K)
 Metaspace       used 10746K, capacity 11011K, committed 11264K, reserved 1058816K
  class space    used 1125K, capacity 1206K, committed 1280K, reserved 1048576K
}
Event: 5.048 GC heap before
{Heap before GC invocations=2 (full 0):
 garbage-first heap   total 129024K, used 63464K [0x0000000080000000, 0x0000000100000000)
  region size 1024K, 53 young (54272K), 1 survivors (1024K)
 Metaspace       used 17862K, capacity 18297K, committed 18432K, reserved 1064960K
  class space    used 2111K, capacity 2265K, committed 2304K, reserved 1048576K
}
Event: 5.065 GC heap after
{Heap after GC invocations=3 (full 0):
 garbage-first heap   total 129024K, used 16753K [0x0000000080000000, 0x0000000100000000)
  region size 1024K, 7 young (7168K), 7 survivors (7168K)
 Metaspace       used 17862K, capacity 18297K, committed 18432K, reserved 1064960K
  class space    used 2111K, capacity 2265K, committed 2304K, reserved 1048576K
}
Event: 5.468 GC heap before
{Heap before GC invocations=3 (full 0):
 garbage-first heap   total 129024K, used 40305K [0x0000000080000000, 0x0000000100000000)
  region size 1024K, 31 young (31744K), 7 survivors (7168K)
 Metaspace       used 20656K, capacity 21086K, committed 21248K, reserved 1067008K
  class space    used 2530K, capacity 2705K, committed 2816K, reserved 1048576K
}
Event: 5.476 GC heap after
{Heap after GC invocations=4 (full 0):
 garbage-first heap   total 129024K, used 17688K [0x0000000080000000, 0x0000000100000000)
  region size 1024K, 1 young (1024K), 1 survivors (1024K)
 Metaspace       used 20656K, capacity 21086K, committed 21248K, reserved 1067008K
  class space    used 2530K, capacity 2705K, committed 2816K, reserved 1048576K
}
Event: 6.016 GC heap before
{Heap before GC invocations=5 (full 0):
 garbage-first heap   total 129024K, used 67864K [0x0000000080000000, 0x0000000100000000)
  region size 1024K, 50 young (51200K), 1 survivors (1024K)
 Metaspace       used 25863K, capacity 26506K, committed 26752K, reserved 1073152K
  class space    used 3381K, capacity 3604K, committed 3712K, reserved 1048576K
}
Event: 6.020 GC heap after
{Heap after GC invocations=6 (full 0):
 garbage-first heap   total 129024K, used 19523K [0x0000000080000000, 0x0000000100000000)
  region size 1024K, 3 young (3072K), 3 survivors (3072K)
 Metaspace       used 25863K, capacity 26506K, committed 26752K, reserved 1073152K
  class space    used 3381K, capacity 3604K, committed 3712K, reserved 1048576K
}
Event: 6.741 GC heap before
{Heap before GC invocations=6 (full 0):
 garbage-first heap   total 129024K, used 84035K [0x0000000080000000, 0x0000000100000000)
  region size 1024K, 56 young (57344K), 3 survivors (3072K)
 Metaspace       used 30514K, capacity 31351K, committed 31616K, reserved 1077248K
  class space    used 4133K, capacity 4451K, committed 4480K, reserved 1048576K
}
Event: 6.746 GC heap after
{Heap after GC invocations=7 (full 0):
 garbage-first heap   total 129024K, used 34250K [0x0000000080000000, 0x0000000100000000)
  region size 1024K, 7 young (7168K), 7 survivors (7168K)
 Metaspace       used 30514K, capacity 31351K, committed 31616K, reserved 1077248K
  class space    used 4133K, capacity 4451K, committed 4480K, reserved 1048576K
}
Event: 7.150 GC heap before
{Heap before GC invocations=7 (full 0):
 garbage-first heap   total 129024K, used 49610K [0x0000000080000000, 0x0000000100000000)
  region size 1024K, 24 young (24576K), 7 survivors (7168K)
 Metaspace       used 34864K, capacity 35740K, committed 35840K, reserved 1081344K
  class space    used 4565K, capacity 4934K, committed 4992K, reserved 1048576K
}
Event: 7.164 GC heap after
{Heap after GC invocations=8 (full 0):
 garbage-first heap   total 129024K, used 36689K [0x0000000080000000, 0x0000000100000000)
  region size 1024K, 3 young (3072K), 3 survivors (3072K)
 Metaspace       used 34864K, capacity 35740K, committed 35840K, reserved 1081344K
  class space    used 4565K, capacity 4934K, committed 4992K, reserved 1048576K
}
Event: 7.726 GC heap before
{Heap before GC invocations=9 (full 0):
 garbage-first heap   total 129024K, used 79697K [0x0000000080000000, 0x0000000100000000)
  region size 1024K, 43 young (44032K), 3 survivors (3072K)
 Metaspace       used 39366K, capacity 40401K, committed 40576K, reserved 1085440K
  class space    used 5020K, capacity 5397K, committed 5504K, reserved 1048576K
}
Event: 7.738 GC heap after
{Heap after GC invocations=10 (full 0):
 garbage-first heap   total 129024K, used 40052K [0x0000000080000000, 0x0000000100000000)
  region size 1024K, 6 young (6144K), 6 survivors (6144K)
 Metaspace       used 39366K, capacity 40401K, committed 40576K, reserved 1085440K
  class space    used 5020K, capacity 5397K, committed 5504K, reserved 1048576K
}
Event: 8.361 GC heap before
{Heap before GC invocations=11 (full 0):
 garbage-first heap   total 129024K, used 89204K [0x0000000080000000, 0x0000000100000000)
  region size 1024K, 47 young (48128K), 6 survivors (6144K)
 Metaspace       used 42401K, capacity 43558K, committed 43904K, reserved 1087488K
  class space    used 5466K, capacity 5889K, committed 6016K, reserved 1048576K
}
Event: 8.369 GC heap after
{Heap after GC invocations=12 (full 0):
 garbage-first heap   total 155648K, used 52173K [0x0000000080000000, 0x0000000100000000)
  region size 1024K, 5 young (5120K), 5 survivors (5120K)
 Metaspace       used 42401K, capacity 43558K, committed 43904K, reserved 1087488K
  class space    used 5466K, capacity 5889K, committed 6016K, reserved 1048576K
}
Event: 9.003 GC heap before
{Heap before GC invocations=12 (full 0):
 garbage-first heap   total 155648K, used 101325K [0x0000000080000000, 0x0000000100000000)
  region size 1024K, 53 young (54272K), 5 survivors (5120K)
 Metaspace       used 46227K, capacity 47442K, committed 47616K, reserved 1091584K
  class space    used 5878K, capacity 6327K, committed 6400K, reserved 1048576K
}
Event: 9.009 GC heap after
{Heap after GC invocations=13 (full 0):
 garbage-first heap   total 155648K, used 55620K [0x0000000080000000, 0x0000000100000000)
  region size 1024K, 4 young (4096K), 4 survivors (4096K)
 Metaspace       used 46227K, capacity 47442K, committed 47616K, reserved 1091584K
  class space    used 5878K, capacity 6327K, committed 6400K, reserved 1048576K
}
Event: 9.605 GC heap before
{Heap before GC invocations=13 (full 0):
 garbage-first heap   total 155648K, used 106820K [0x0000000080000000, 0x0000000100000000)
  region size 1024K, 54 young (55296K), 4 survivors (4096K)
 Metaspace       used 49061K, capacity 50466K, committed 50560K, reserved 1093632K
  class space    used 6299K, capacity 6782K, committed 6784K, reserved 1048576K
}
Event: 9.611 GC heap after
{Heap after GC invocations=14 (full 0):
 garbage-first heap   total 155648K, used 58455K [0x0000000080000000, 0x0000000100000000)
  region size 1024K, 7 young (7168K), 7 survivors (7168K)
 Metaspace       used 49061K, capacity 50466K, committed 50560K, reserved 1093632K
  class space    used 6299K, capacity 6782K, committed 6784K, reserved 1048576K
}

