# JRE version: OpenJDK Runtime Environment (11.0.10) (build 11.0.10+0-b96-7249189)
# Java VM: OpenJDK 64-Bit Server VM (11.0.10+0-b96-7249189, mixed mode, tiered, compressed oops, g1 gc, windows-amd64)
Heap:
 garbage-first heap   total 129024K, used 31968K [0x0000000080000000, 0x0000000100000000)
  region size 1024K, 7 young (7168K), 4 survivors (4096K)
 Metaspace       used 26317K, capacity 27050K, committed 27392K, reserved 1073152K
  class space    used 3456K, capacity 3719K, committed 3840K, reserved 1048576K
GC Heap History (8 events):
Event: 0.876 GC heap before
{Heap before GC invocations=0 (full 0):
 garbage-first heap   total 129024K, used 29696K [0x0000000080000000, 0x0000000100000000)
  region size 1024K, 24 young (24576K), 0 survivors (0K)
 Metaspace       used 9811K, capacity 10050K, committed 10112K, reserved 1058816K
  class space    used 1024K, capacity 1102K, committed 1152K, reserved 1048576K
}
Event: 0.880 GC heap after
{Heap after GC invocations=1 (full 0):
 garbage-first heap   total 129024K, used 9017K [0x0000000080000000, 0x0000000100000000)
  region size 1024K, 3 young (3072K), 3 survivors (3072K)
 Metaspace       used 9811K, capacity 10050K, committed 10112K, reserved 1058816K
  class space    used 1024K, capacity 1102K, committed 1152K, reserved 1048576K
}
Event: 4.503 GC heap before
{Heap before GC invocations=1 (full 0):
 garbage-first heap   total 129024K, used 82745K [0x0000000080000000, 0x0000000100000000)
  region size 1024K, 75 young (76800K), 3 survivors (3072K)
 Metaspace       used 17805K, capacity 18225K, committed 18432K, reserved 1064960K
  class space    used 2101K, capacity 2265K, committed 2304K, reserved 1048576K
}
Event: 4.509 GC heap after
{Heap after GC invocations=2 (full 0):
 garbage-first heap   total 129024K, used 15891K [0x0000000080000000, 0x0000000100000000)
  region size 1024K, 10 young (10240K), 10 survivors (10240K)
 Metaspace       used 17805K, capacity 18225K, committed 18432K, reserved 1064960K
  class space    used 2101K, capacity 2265K, committed 2304K, reserved 1048576K
}
Event: 4.740 GC heap before
{Heap before GC invocations=2 (full 0):
 garbage-first heap   total 129024K, used 41491K [0x0000000080000000, 0x0000000100000000)
  region size 1024K, 36 young (36864K), 10 survivors (10240K)
 Metaspace       used 20654K, capacity 21081K, committed 21248K, reserved 1067008K
  class space    used 2533K, capacity 2706K, committed 2816K, reserved 1048576K
}
Event: 4.747 GC heap after
{Heap after GC invocations=3 (full 0):
 garbage-first heap   total 129024K, used 17283K [0x0000000080000000, 0x0000000100000000)
  region size 1024K, 2 young (2048K), 2 survivors (2048K)
 Metaspace       used 20654K, capacity 21081K, committed 21248K, reserved 1067008K
  class space    used 2533K, capacity 2706K, committed 2816K, reserved 1048576K
}
Event: 5.395 GC heap before
{Heap before GC invocations=4 (full 0):
 garbage-first heap   total 129024K, used 72579K [0x0000000080000000, 0x0000000100000000)
  region size 1024K, 55 young (56320K), 2 survivors (2048K)
 Metaspace       used 26195K, capacity 26830K, committed 27008K, reserved 1073152K
  class space    used 3435K, capacity 3673K, committed 3712K, reserved 1048576K
}
Event: 5.399 GC heap after
{Heap after GC invocations=5 (full 0):
 garbage-first heap   total 129024K, used 21728K [0x0000000080000000, 0x0000000100000000)
  region size 1024K, 4 young (4096K), 4 survivors (4096K)
 Metaspace       used 26195K, capacity 26830K, committed 27008K, reserved 1073152K
  class space    used 3435K, capacity 3673K, committed 3712K, reserved 1048576K
}

