# JRE version: Java(TM) SE Runtime Environment 18.9 (11.0.12+8) (build 11.0.12+8-LTS-237)
# Java VM: Java HotSpot(TM) 64-Bit Server VM 18.9 (11.0.12+8-LTS-237, mixed mode, tiered, compressed oops, g1 gc, windows-amd64)
Heap:
 garbage-first heap   total 187392K, used 93705K [0x0000000080000000, 0x0000000100000000)
  region size 1024K, 5 young (5120K), 5 survivors (5120K)
 Metaspace       used 72930K, capacity 74819K, committed 74852K, reserved 1114112K
  class space    used 9420K, capacity 10092K, committed 10112K, reserved 1048576K
GC Heap History (10 events):
Event: 7.936 GC heap after
{Heap after GC invocations=23 (full 0):
 garbage-first heap   total 155648K, used 84426K [0x0000000080000000, 0x0000000100000000)
  region size 1024K, 2 young (2048K), 2 survivors (2048K)
 Metaspace       used 64942K, capacity 66649K, committed 66660K, reserved 1107968K
  class space    used 8215K, capacity 8830K, committed 8832K, reserved 1048576K
}
Event: 7.959 GC heap before
{Heap before GC invocations=23 (full 0):
 garbage-first heap   total 155648K, used 86474K [0x0000000080000000, 0x0000000100000000)
  region size 1024K, 5 young (5120K), 2 survivors (2048K)
 Metaspace       used 65161K, capacity 66879K, committed 67044K, reserved 1107968K
  class space    used 8233K, capacity 8864K, committed 8960K, reserved 1048576K
}
Event: 7.962 GC heap after
{Heap after GC invocations=24 (full 0):
 garbage-first heap   total 155648K, used 84771K [0x0000000080000000, 0x0000000100000000)
  region size 1024K, 2 young (2048K), 2 survivors (2048K)
 Metaspace       used 65161K, capacity 66879K, committed 67044K, reserved 1107968K
  class space    used 8233K, capacity 8864K, committed 8960K, reserved 1048576K
}
Event: 8.208 GC heap before
{Heap before GC invocations=25 (full 0):
 garbage-first heap   total 155648K, used 116515K [0x0000000080000000, 0x0000000100000000)
  region size 1024K, 32 young (32768K), 2 survivors (2048K)
 Metaspace       used 66184K, capacity 68049K, committed 68196K, reserved 1107968K
  class space    used 8390K, capacity 9014K, committed 9088K, reserved 1048576K
}
Event: 8.213 GC heap after
{Heap after GC invocations=26 (full 0):
 garbage-first heap   total 155648K, used 86914K [0x0000000080000000, 0x0000000100000000)
  region size 1024K, 4 young (4096K), 4 survivors (4096K)
 Metaspace       used 66184K, capacity 68049K, committed 68196K, reserved 1107968K
  class space    used 8390K, capacity 9014K, committed 9088K, reserved 1048576K
}
Event: 8.500 GC heap before
{Heap before GC invocations=26 (full 0):
 garbage-first heap   total 155648K, used 118658K [0x0000000080000000, 0x0000000100000000)
  region size 1024K, 35 young (35840K), 4 survivors (4096K)
 Metaspace       used 68433K, capacity 70306K, committed 70500K, reserved 1110016K
  class space    used 8694K, capacity 9338K, committed 9344K, reserved 1048576K
}
Event: 8.505 GC heap after
{Heap after GC invocations=27 (full 0):
 garbage-first heap   total 155648K, used 89165K [0x0000000080000000, 0x0000000100000000)
  region size 1024K, 5 young (5120K), 5 survivors (5120K)
 Metaspace       used 68433K, capacity 70306K, committed 70500K, reserved 1110016K
  class space    used 8694K, capacity 9338K, committed 9344K, reserved 1048576K
}
Event: 8.834 GC heap before
{Heap before GC invocations=28 (full 0):
 garbage-first heap   total 155648K, used 120909K [0x0000000080000000, 0x0000000100000000)
  region size 1024K, 36 young (36864K), 5 survivors (5120K)
 Metaspace       used 72040K, capacity 73863K, committed 73956K, reserved 1114112K
  class space    used 9278K, capacity 9944K, committed 9984K, reserved 1048576K
}
Event: 8.841 GC heap after
{Heap after GC invocations=29 (full 0):
 garbage-first heap   total 155648K, used 91521K [0x0000000080000000, 0x0000000100000000)
  region size 1024K, 5 young (5120K), 5 survivors (5120K)
 Metaspace       used 72040K, capacity 73863K, committed 73956K, reserved 1114112K
  class space    used 9278K, capacity 9944K, committed 9984K, reserved 1048576K
}
Event: 9.000 GC heap before
{Heap before GC invocations=29 (full 0):
 garbage-first heap   total 155648K, used 123265K [0x0000000080000000, 0x0000000100000000)
  region size 1024K, 36 young (36864K), 5 survivors (5120K)
 Metaspace       used 72930K, capacity 74819K, committed 74852K, reserved 1114112K
  class space    used 9420K, capacity 10092K, committed 10112K, reserved 1048576K
}

